<?xml version="1.0" encoding="UTF-8"?>
<robot generator="Robot 7.4.1 (Python 3.10.9 on win32)" generated="2026-02-24T03:18:29.313992" rpa="false" schemaversion="5">
<suite id="s1" name="Checkout Mobile" source="C:\Users\astar\Documents\trae_projects\Indondax\tests\suites\mobile\checkout_mobile.robot">
<kw name="Open Browser For Web Tests" owner="browser_keywords" type="SETUP">
<kw name="New Browser" owner="Browser">
<arg>chromium</arg>
<arg>headless=${HEADLESS}</arg>
<tag>BrowserControl</tag>
<tag>Setter</tag>
<doc>Create a new playwright Browser with specified options.</doc>
<status status="NOT RUN" start="2026-02-24T03:18:30.230198" elapsed="0.000501"/>
</kw>
<kw name="New Context" owner="Browser">
<tag>BrowserControl</tag>
<tag>Setter</tag>
<doc>Create a new BrowserContext with specified options.</doc>
<status status="NOT RUN" start="2026-02-24T03:18:30.230699" elapsed="0.001026"/>
</kw>
<kw name="New Page" owner="Browser">
<arg>about:blank</arg>
<tag>BrowserControl</tag>
<tag>Setter</tag>
<doc>Open a new Page.</doc>
<status status="NOT RUN" start="2026-02-24T03:18:30.231725" elapsed="0.000000"/>
</kw>
<status status="PASS" start="2026-02-24T03:18:30.228672" elapsed="0.004071"/>
</kw>
<test id="s1-t1" name="TCM-01 Trader Executes Market Buy Order using Total Available Balance (Mobile)" line="13">
<kw name="USDTIDR Mobile Market Smoke">
<kw name="Get Market Usdtidr Test By Id" owner="test_data_loader">
<var>${scenario}</var>
<arg>${tc_id}</arg>
<status status="NOT RUN" start="2026-02-24T03:18:30.235191" elapsed="0.000000"/>
</kw>
<kw name="Run Keyword If" owner="BuiltIn">
<kw name="Execute USDTIDR TC01 Market Buy 100 Percent" owner="market_page">
<kw name="Open USDTIDR Market Page" owner="market_page">
<kw name="Go To Market Page" owner="browser_keywords">
<kw name="Go To" owner="Browser">
<arg>${BASE_URL}${path}</arg>
<tag>BrowserControl</tag>
<tag>Setter</tag>
<doc>Navigates to the given ``url``.</doc>
<status status="NOT RUN" start="2026-02-24T03:18:30.238756" elapsed="0.000000"/>
</kw>
<arg>${USDTIDR_MARKET_PATH}</arg>
<status status="PASS" start="2026-02-24T03:18:30.237759" elapsed="0.000997"/>
</kw>
<status status="PASS" start="2026-02-24T03:18:30.237188" elapsed="0.001568"/>
</kw>
<kw name="Enter Pro Mode For USDTIDR" owner="market_page">
<kw name="Click" owner="Browser">
<arg>${TRY_PRO_MODE_LINK}</arg>
<tag>PageContent</tag>
<tag>Setter</tag>
<doc>Simulates mouse click on the element found by ``selector``.</doc>
<status status="NOT RUN" start="2026-02-24T03:18:30.240265" elapsed="0.000000"/>
</kw>
<status status="PASS" start="2026-02-24T03:18:30.239761" elapsed="0.000504"/>
</kw>
<kw name="Select Market Buy Tab" owner="market_page">
<kw name="Click" owner="Browser">
<arg>${BUY_TAB_MARKET}</arg>
<tag>PageContent</tag>
<tag>Setter</tag>
<doc>Simulates mouse click on the element found by ``selector``.</doc>
<status status="NOT RUN" start="2026-02-24T03:18:30.241270" elapsed="0.000505"/>
</kw>
<status status="PASS" start="2026-02-24T03:18:30.240265" elapsed="0.001510"/>
</kw>
<kw name="Set Buy Amount To 100 Percent" owner="market_page">
<kw name="Click" owner="Browser">
<arg>${SLIDER_100}</arg>
<tag>PageContent</tag>
<tag>Setter</tag>
<doc>Simulates mouse click on the element found by ``selector``.</doc>
<status status="NOT RUN" start="2026-02-24T03:18:30.242780" elapsed="0.000865"/>
</kw>
<status status="PASS" start="2026-02-24T03:18:30.241775" elapsed="0.001870"/>
</kw>
<kw name="Submit Buy USDT Order" owner="market_page">
<kw name="Click" owner="Browser">
<arg>${BUTTON_BUY_USDT}</arg>
<tag>PageContent</tag>
<tag>Setter</tag>
<doc>Simulates mouse click on the element found by ``selector``.</doc>
<status status="NOT RUN" start="2026-02-24T03:18:30.244644" elapsed="0.000648"/>
</kw>
<status status="PASS" start="2026-02-24T03:18:30.243645" elapsed="0.001647"/>
</kw>
<kw name="Market Sections Should Be Visible" owner="market_page">
<kw name="Get Text" owner="Browser">
<arg>${MARKET_SELL_TITLE}</arg>
<tag>Assertion</tag>
<tag>Getter</tag>
<tag>PageContent</tag>
<doc>Returns text attribute of the element found by ``selector``.</doc>
<status status="NOT RUN" start="2026-02-24T03:18:30.245798" elapsed="0.001000"/>
</kw>
<kw name="Get Text" owner="Browser">
<arg>${MARKET_BUY_TITLE}</arg>
<tag>Assertion</tag>
<tag>Getter</tag>
<tag>PageContent</tag>
<doc>Returns text attribute of the element found by ``selector``.</doc>
<status status="NOT RUN" start="2026-02-24T03:18:30.246798" elapsed="0.000499"/>
</kw>
<status status="PASS" start="2026-02-24T03:18:30.245292" elapsed="0.002005"/>
</kw>
<kw name="Last Price Should Be Present" owner="market_page">
<kw name="Get Text" owner="Browser">
<var>${text}</var>
<arg>${LAST_PRICE_SECTION}</arg>
<tag>Assertion</tag>
<tag>Getter</tag>
<tag>PageContent</tag>
<doc>Returns text attribute of the element found by ``selector``.</doc>
<status status="NOT RUN" start="2026-02-24T03:18:30.248331" elapsed="0.000000"/>
</kw>
<kw name="Evaluate" owner="BuiltIn">
<var>${has_number}</var>
<arg>__import__("re").search(r"[0-9][0-9\\.,]*", ${text}) is not None</arg>
<doc>Evaluates the given expression in Python and returns the result.</doc>
<status status="NOT RUN" start="2026-02-24T03:18:30.249297" elapsed="0.000499"/>
</kw>
<kw name="Should Be True" owner="BuiltIn">
<arg>${has_number}</arg>
<doc>Fails if the given condition is not true.</doc>
<status status="NOT RUN" start="2026-02-24T03:18:30.249796" elapsed="0.001507"/>
</kw>
<status status="PASS" start="2026-02-24T03:18:30.247297" elapsed="0.004006"/>
</kw>
<arg>${env}</arg>
<arg>${scenario}</arg>
<status status="PASS" start="2026-02-24T03:18:30.236688" elapsed="0.014615"/>
</kw>
<arg>'${tc_id}' == 'TC-01'</arg>
<arg>Execute USDTIDR TC01 Market Buy 100 Percent</arg>
<arg>${env}</arg>
<arg>${scenario}</arg>
<doc>Runs the given keyword with the given arguments, if ``condition`` is true.</doc>
<status status="PASS" start="2026-02-24T03:18:30.235694" elapsed="0.015609"/>
</kw>
<kw name="Run Keyword If" owner="BuiltIn">
<kw name="Execute USDTIDR TC02 Market Sell Specified Quantity" owner="market_page">
<kw name="Open USDTIDR Market Page" owner="market_page">
<kw name="Go To Market Page" owner="browser_keywords">
<kw name="Go To" owner="Browser">
<arg>${BASE_URL}${path}</arg>
<tag>BrowserControl</tag>
<tag>Setter</tag>
<doc>Navigates to the given ``url``.</doc>
<status status="NOT RUN" start="2026-02-24T03:18:30.254847" elapsed="0.000000"/>
</kw>
<arg>${USDTIDR_MARKET_PATH}</arg>
<status status="PASS" start="2026-02-24T03:18:30.254321" elapsed="0.000526"/>
</kw>
<status status="PASS" start="2026-02-24T03:18:30.253317" elapsed="0.002535"/>
</kw>
<kw name="Enter Pro Mode For USDTIDR" owner="market_page">
<kw name="Click" owner="Browser">
<arg>${TRY_PRO_MODE_LINK}</arg>
<tag>PageContent</tag>
<tag>Setter</tag>
<doc>Simulates mouse click on the element found by ``selector``.</doc>
<status status="NOT RUN" start="2026-02-24T03:18:30.255852" elapsed="0.001497"/>
</kw>
<status status="PASS" start="2026-02-24T03:18:30.255852" elapsed="0.001497"/>
</kw>
<kw name="Select Market Buy Tab" owner="market_page">
<kw name="Click" owner="Browser">
<arg>${BUY_TAB_MARKET}</arg>
<tag>PageContent</tag>
<tag>Setter</tag>
<doc>Simulates mouse click on the element found by ``selector``.</doc>
<status status="NOT RUN" start="2026-02-24T03:18:30.258353" elapsed="0.001006"/>
</kw>
<status status="PASS" start="2026-02-24T03:18:30.257349" elapsed="0.002010"/>
</kw>
<kw name="Get From Dictionary" owner="Collections">
<var>${amount}</var>
<arg>${scenario}</arg>
<arg>sell_amount</arg>
<doc>Returns a value from the given ``dictionary`` based on the given ``key``.</doc>
<status status="NOT RUN" start="2026-02-24T03:18:30.260371" elapsed="0.000506"/>
</kw>
<kw name="Set Sell Coin Amount" owner="market_page">
<kw name="Fill Text" owner="Browser">
<arg>${SELL_COIN_AMOUNT_INPUT}</arg>
<arg>${amount}</arg>
<tag>PageContent</tag>
<tag>Setter</tag>
<doc>Clears and fills the given ``txt`` into the text field found by ``selector``.</doc>
<status status="NOT RUN" start="2026-02-24T03:18:30.261379" elapsed="0.001004"/>
</kw>
<arg>${amount}</arg>
<status status="PASS" start="2026-02-24T03:18:30.261379" elapsed="0.001586"/>
</kw>
<kw name="Submit Sell USDT Order" owner="market_page">
<kw name="Click" owner="Browser">
<arg>${BUTTON_SELL_USDT}</arg>
<tag>PageContent</tag>
<tag>Setter</tag>
<doc>Simulates mouse click on the element found by ``selector``.</doc>
<status status="NOT RUN" start="2026-02-24T03:18:30.263471" elapsed="0.000505"/>
</kw>
<status status="PASS" start="2026-02-24T03:18:30.262965" elapsed="0.001011"/>
</kw>
<kw name="Market Sections Should Be Visible" owner="market_page">
<kw name="Get Text" owner="Browser">
<arg>${MARKET_SELL_TITLE}</arg>
<tag>Assertion</tag>
<tag>Getter</tag>
<tag>PageContent</tag>
<doc>Returns text attribute of the element found by ``selector``.</doc>
<status status="NOT RUN" start="2026-02-24T03:18:30.265487" elapsed="0.000000"/>
</kw>
<kw name="Get Text" owner="Browser">
<arg>${MARKET_BUY_TITLE}</arg>
<tag>Assertion</tag>
<tag>Getter</tag>
<tag>PageContent</tag>
<doc>Returns text attribute of the element found by ``selector``.</doc>
<status status="NOT RUN" start="2026-02-24T03:18:30.265487" elapsed="0.001003"/>
</kw>
<status status="PASS" start="2026-02-24T03:18:30.263976" elapsed="0.002514"/>
</kw>
<kw name="Last Price Should Be Present" owner="market_page">
<kw name="Get Text" owner="Browser">
<var>${text}</var>
<arg>${LAST_PRICE_SECTION}</arg>
<tag>Assertion</tag>
<tag>Getter</tag>
<tag>PageContent</tag>
<doc>Returns text attribute of the element found by ``selector``.</doc>
<status status="NOT RUN" start="2026-02-24T03:18:30.268518" elapsed="0.000500"/>
</kw>
<kw name="Evaluate" owner="BuiltIn">
<var>${has_number}</var>
<arg>__import__("re").search(r"[0-9][0-9\\.,]*", ${text}) is not None</arg>
<doc>Evaluates the given expression in Python and returns the result.</doc>
<status status="NOT RUN" start="2026-02-24T03:18:30.269018" elapsed="0.000504"/>
</kw>
<kw name="Should Be True" owner="BuiltIn">
<arg>${has_number}</arg>
<doc>Fails if the given condition is not true.</doc>
<status status="NOT RUN" start="2026-02-24T03:18:30.269522" elapsed="0.000000"/>
</kw>
<status status="PASS" start="2026-02-24T03:18:30.267513" elapsed="0.002009"/>
</kw>
<arg>${env}</arg>
<arg>${scenario}</arg>
<status status="PASS" start="2026-02-24T03:18:30.252812" elapsed="0.016710"/>
</kw>
<arg>'${tc_id}' == 'TC-02'</arg>
<arg>Execute USDTIDR TC02 Market Sell Specified Quantity</arg>
<arg>${env}</arg>
<arg>${scenario}</arg>
<doc>Runs the given keyword with the given arguments, if ``condition`` is true.</doc>
<status status="PASS" start="2026-02-24T03:18:30.251808" elapsed="0.017714"/>
</kw>
<kw name="Run Keyword If" owner="BuiltIn">
<kw name="Execute USDTIDR TC03 Limit Buy Filled" owner="market_page">
<kw name="Open USDTIDR Market Page" owner="market_page">
<kw name="Go To Market Page" owner="browser_keywords">
<kw name="Go To" owner="Browser">
<arg>${BASE_URL}${path}</arg>
<tag>BrowserControl</tag>
<tag>Setter</tag>
<doc>Navigates to the given ``url``.</doc>
<status status="NOT RUN" start="2026-02-24T03:18:30.272556" elapsed="0.000503"/>
</kw>
<arg>${USDTIDR_MARKET_PATH}</arg>
<status status="PASS" start="2026-02-24T03:18:30.271553" elapsed="0.001506"/>
</kw>
<status status="PASS" start="2026-02-24T03:18:30.271553" elapsed="0.001506"/>
</kw>
<kw name="Enter Pro Mode For USDTIDR" owner="market_page">
<kw name="Click" owner="Browser">
<arg>${TRY_PRO_MODE_LINK}</arg>
<tag>PageContent</tag>
<tag>Setter</tag>
<doc>Simulates mouse click on the element found by ``selector``.</doc>
<status status="NOT RUN" start="2026-02-24T03:18:30.273561" elapsed="0.000504"/>
</kw>
<status status="PASS" start="2026-02-24T03:18:30.273059" elapsed="0.001006"/>
</kw>
<kw name="Select Limit Buy Tab" owner="market_page">
<kw name="Click" owner="Browser">
<arg>${LIMIT_BUY_TAB}</arg>
<tag>PageContent</tag>
<tag>Setter</tag>
<doc>Simulates mouse click on the element found by ``selector``.</doc>
<status status="NOT RUN" start="2026-02-24T03:18:30.275147" elapsed="0.000504"/>
</kw>
<status status="PASS" start="2026-02-24T03:18:30.274065" elapsed="0.001586"/>
</kw>
<kw name="Get From Dictionary" owner="Collections">
<var>${price}</var>
<arg>${scenario}</arg>
<arg>limit_price</arg>
<doc>Returns a value from the given ``dictionary`` based on the given ``key``.</doc>
<status status="NOT RUN" start="2026-02-24T03:18:30.275651" elapsed="0.000000"/>
</kw>
<kw name="Set Limit Buy Price" owner="market_page">
<kw name="Fill Text" owner="Browser">
<arg>${BUY_PRICE_INPUT}</arg>
<arg>${price}</arg>
<tag>PageContent</tag>
<tag>Setter</tag>
<doc>Clears and fills the given ``txt`` into the text field found by ``selector``.</doc>
<status status="NOT RUN" start="2026-02-24T03:18:30.277136" elapsed="0.000500"/>
</kw>
<arg>${price}</arg>
<status status="PASS" start="2026-02-24T03:18:30.275651" elapsed="0.001985"/>
</kw>
<kw name="Set Limit Buy Slider To Half" owner="market_page">
<kw name="Click" owner="Browser">
<arg>${BUY_LIMIT_SLIDER}</arg>
<tag>PageContent</tag>
<tag>Setter</tag>
<doc>Simulates mouse click on the element found by ``selector``.</doc>
<status status="NOT RUN" start="2026-02-24T03:18:30.277636" elapsed="0.001005"/>
</kw>
<status status="PASS" start="2026-02-24T03:18:30.277636" elapsed="0.001005"/>
</kw>
<kw name="Submit Buy USDT Order" owner="market_page">
<kw name="Click" owner="Browser">
<arg>${BUTTON_BUY_USDT}</arg>
<tag>PageContent</tag>
<tag>Setter</tag>
<doc>Simulates mouse click on the element found by ``selector``.</doc>
<status status="NOT RUN" start="2026-02-24T03:18:30.279162" elapsed="0.000000"/>
</kw>
<status status="PASS" start="2026-02-24T03:18:30.278641" elapsed="0.000521"/>
</kw>
<kw name="Market Sections Should Be Visible" owner="market_page">
<kw name="Get Text" owner="Browser">
<arg>${MARKET_SELL_TITLE}</arg>
<tag>Assertion</tag>
<tag>Getter</tag>
<tag>PageContent</tag>
<doc>Returns text attribute of the element found by ``selector``.</doc>
<status status="NOT RUN" start="2026-02-24T03:18:30.280382" elapsed="0.000504"/>
</kw>
<kw name="Get Text" owner="Browser">
<arg>${MARKET_BUY_TITLE}</arg>
<tag>Assertion</tag>
<tag>Getter</tag>
<tag>PageContent</tag>
<doc>Returns text attribute of the element found by ``selector``.</doc>
<status status="NOT RUN" start="2026-02-24T03:18:30.280886" elapsed="0.000000"/>
</kw>
<status status="PASS" start="2026-02-24T03:18:30.279162" elapsed="0.001724"/>
</kw>
<kw name="Last Price Should Be Present" owner="market_page">
<kw name="Get Text" owner="Browser">
<var>${text}</var>
<arg>${LAST_PRICE_SECTION}</arg>
<tag>Assertion</tag>
<tag>Getter</tag>
<tag>PageContent</tag>
<doc>Returns text attribute of the element found by ``selector``.</doc>
<status status="NOT RUN" start="2026-02-24T03:18:30.280886" elapsed="0.001256"/>
</kw>
<kw name="Evaluate" owner="BuiltIn">
<var>${has_number}</var>
<arg>__import__("re").search(r"[0-9][0-9\\.,]*", ${text}) is not None</arg>
<doc>Evaluates the given expression in Python and returns the result.</doc>
<status status="NOT RUN" start="2026-02-24T03:18:30.282142" elapsed="0.000504"/>
</kw>
<kw name="Should Be True" owner="BuiltIn">
<arg>${has_number}</arg>
<doc>Fails if the given condition is not true.</doc>
<status status="NOT RUN" start="2026-02-24T03:18:30.282646" elapsed="0.001005"/>
</kw>
<status status="PASS" start="2026-02-24T03:18:30.280886" elapsed="0.002765"/>
</kw>
<arg>${env}</arg>
<arg>${scenario}</arg>
<status status="PASS" start="2026-02-24T03:18:30.271053" elapsed="0.012598"/>
</kw>
<arg>'${tc_id}' == 'TC-03'</arg>
<arg>Execute USDTIDR TC03 Limit Buy Filled</arg>
<arg>${env}</arg>
<arg>${scenario}</arg>
<doc>Runs the given keyword with the given arguments, if ``condition`` is true.</doc>
<status status="PASS" start="2026-02-24T03:18:30.270549" elapsed="0.013102"/>
</kw>
<kw name="Run Keyword If" owner="BuiltIn">
<kw name="Execute USDTIDR TC04 Limit Sell Partial Execution" owner="market_page">
<kw name="Open USDTIDR Market Page" owner="market_page">
<kw name="Go To Market Page" owner="browser_keywords">
<kw name="Go To" owner="Browser">
<arg>${BASE_URL}${path}</arg>
<tag>BrowserControl</tag>
<tag>Setter</tag>
<doc>Navigates to the given ``url``.</doc>
<status status="NOT RUN" start="2026-02-24T03:18:30.286666" elapsed="0.001020"/>
</kw>
<arg>${USDTIDR_MARKET_PATH}</arg>
<status status="PASS" start="2026-02-24T03:18:30.285663" elapsed="0.002023"/>
</kw>
<status status="PASS" start="2026-02-24T03:18:30.285663" elapsed="0.002023"/>
</kw>
<kw name="Enter Pro Mode For USDTIDR" owner="market_page">
<kw name="Click" owner="Browser">
<arg>${TRY_PRO_MODE_LINK}</arg>
<tag>PageContent</tag>
<tag>Setter</tag>
<doc>Simulates mouse click on the element found by ``selector``.</doc>
<status status="NOT RUN" start="2026-02-24T03:18:30.288692" elapsed="0.000000"/>
</kw>
<status status="PASS" start="2026-02-24T03:18:30.288191" elapsed="0.000501"/>
</kw>
<kw name="Select Limit Buy Tab" owner="market_page">
<kw name="Click" owner="Browser">
<arg>${LIMIT_BUY_TAB}</arg>
<tag>PageContent</tag>
<tag>Setter</tag>
<doc>Simulates mouse click on the element found by ``selector``.</doc>
<status status="NOT RUN" start="2026-02-24T03:18:30.289696" elapsed="0.000506"/>
</kw>
<status status="PASS" start="2026-02-24T03:18:30.288692" elapsed="0.001510"/>
</kw>
<kw name="Get From Dictionary" owner="Collections">
<var>${price}</var>
<arg>${scenario}</arg>
<arg>limit_sell_price</arg>
<doc>Returns a value from the given ``dictionary`` based on the given ``key``.</doc>
<status status="NOT RUN" start="2026-02-24T03:18:30.290202" elapsed="0.000500"/>
</kw>
<kw name="Get From Dictionary" owner="Collections">
<var>${amount}</var>
<arg>${scenario}</arg>
<arg>sell_amount</arg>
<doc>Returns a value from the given ``dictionary`` based on the given ``key``.</doc>
<status status="NOT RUN" start="2026-02-24T03:18:30.291201" elapsed="0.000000"/>
</kw>
<kw name="Set Limit Sell Price" owner="market_page">
<kw name="Fill Text" owner="Browser">
<arg>${SELL_PRICE_INPUT}</arg>
<arg>${price}</arg>
<tag>PageContent</tag>
<tag>Setter</tag>
<doc>Clears and fills the given ``txt`` into the text field found by ``selector``.</doc>
<status status="NOT RUN" start="2026-02-24T03:18:30.291701" elapsed="0.001004"/>
</kw>
<arg>${price}</arg>
<status status="PASS" start="2026-02-24T03:18:30.291701" elapsed="0.001004"/>
</kw>
<kw name="Set Sell Coin Amount" owner="market_page">
<kw name="Fill Text" owner="Browser">
<arg>${SELL_COIN_AMOUNT_INPUT}</arg>
<arg>${amount}</arg>
<tag>PageContent</tag>
<tag>Setter</tag>
<doc>Clears and fills the given ``txt`` into the text field found by ``selector``.</doc>
<status status="NOT RUN" start="2026-02-24T03:18:30.292705" elapsed="0.000983"/>
</kw>
<arg>${amount}</arg>
<status status="PASS" start="2026-02-24T03:18:30.292705" elapsed="0.001483"/>
</kw>
<kw name="Submit Sell USDT Order" owner="market_page">
<kw name="Click" owner="Browser">
<arg>${BUTTON_SELL_USDT}</arg>
<tag>PageContent</tag>
<tag>Setter</tag>
<doc>Simulates mouse click on the element found by ``selector``.</doc>
<status status="NOT RUN" start="2026-02-24T03:18:30.294188" elapsed="0.000999"/>
</kw>
<status status="PASS" start="2026-02-24T03:18:30.294188" elapsed="0.000999"/>
</kw>
<kw name="Market Sections Should Be Visible" owner="market_page">
<kw name="Get Text" owner="Browser">
<arg>${MARKET_SELL_TITLE}</arg>
<tag>Assertion</tag>
<tag>Getter</tag>
<tag>PageContent</tag>
<doc>Returns text attribute of the element found by ``selector``.</doc>
<status status="NOT RUN" start="2026-02-24T03:18:30.295687" elapsed="0.000000"/>
</kw>
<kw name="Get Text" owner="Browser">
<arg>${MARKET_BUY_TITLE}</arg>
<tag>Assertion</tag>
<tag>Getter</tag>
<tag>PageContent</tag>
<doc>Returns text attribute of the element found by ``selector``.</doc>
<status status="NOT RUN" start="2026-02-24T03:18:30.296494" elapsed="0.000499"/>
</kw>
<status status="PASS" start="2026-02-24T03:18:30.295187" elapsed="0.001806"/>
</kw>
<kw name="Last Price Should Be Present" owner="market_page">
<kw name="Get Text" owner="Browser">
<var>${text}</var>
<arg>${LAST_PRICE_SECTION}</arg>
<tag>Assertion</tag>
<tag>Getter</tag>
<tag>PageContent</tag>
<doc>Returns text attribute of the element found by ``selector``.</doc>
<status status="NOT RUN" start="2026-02-24T03:18:30.297541" elapsed="0.000500"/>
</kw>
<kw name="Evaluate" owner="BuiltIn">
<var>${has_number}</var>
<arg>__import__("re").search(r"[0-9][0-9\\.,]*", ${text}) is not None</arg>
<doc>Evaluates the given expression in Python and returns the result.</doc>
<status status="NOT RUN" start="2026-02-24T03:18:30.298041" elapsed="0.000000"/>
</kw>
<kw name="Should Be True" owner="BuiltIn">
<arg>${has_number}</arg>
<doc>Fails if the given condition is not true.</doc>
<status status="NOT RUN" start="2026-02-24T03:18:30.298041" elapsed="0.000975"/>
</kw>
<status status="PASS" start="2026-02-24T03:18:30.296993" elapsed="0.002023"/>
</kw>
<kw name="Open History Page" owner="market_page">
<kw name="Go To History Page" owner="browser_keywords">
<kw name="Go To" owner="Browser">
<arg>${BASE_URL}/history</arg>
<tag>BrowserControl</tag>
<tag>Setter</tag>
<doc>Navigates to the given ``url``.</doc>
<status status="NOT RUN" start="2026-02-24T03:18:30.300258" elapsed="0.000499"/>
</kw>
<status status="PASS" start="2026-02-24T03:18:30.299516" elapsed="0.001241"/>
</kw>
<status status="PASS" start="2026-02-24T03:18:30.299016" elapsed="0.001741"/>
</kw>
<kw name="Open Open Order Tab" owner="market_page">
<kw name="Click" owner="Browser">
<arg>${OPEN_ORDER_TAB}</arg>
<tag>PageContent</tag>
<tag>Setter</tag>
<doc>Simulates mouse click on the element found by ``selector``.</doc>
<status status="NOT RUN" start="2026-02-24T03:18:30.301258" elapsed="0.000000"/>
</kw>
<status status="PASS" start="2026-02-24T03:18:30.300757" elapsed="0.000501"/>
</kw>
<arg>${env}</arg>
<arg>${scenario}</arg>
<status status="PASS" start="2026-02-24T03:18:30.284156" elapsed="0.017102"/>
</kw>
<arg>'${tc_id}' == 'TC-04'</arg>
<arg>Execute USDTIDR TC04 Limit Sell Partial Execution</arg>
<arg>${env}</arg>
<arg>${scenario}</arg>
<doc>Runs the given keyword with the given arguments, if ``condition`` is true.</doc>
<status status="PASS" start="2026-02-24T03:18:30.283651" elapsed="0.018612"/>
</kw>
<kw name="Run Keyword If" owner="BuiltIn">
<kw name="Execute USDTIDR TC05 Stop Limit Sell Order" owner="market_page">
<kw name="Open USDTIDR Market Page" owner="market_page">
<kw name="Go To Market Page" owner="browser_keywords">
<kw name="Go To" owner="Browser">
<arg>${BASE_URL}${path}</arg>
<tag>BrowserControl</tag>
<tag>Setter</tag>
<doc>Navigates to the given ``url``.</doc>
<status status="NOT RUN" start="2026-02-24T03:18:30.304278" elapsed="0.000000"/>
</kw>
<arg>${USDTIDR_MARKET_PATH}</arg>
<status status="PASS" start="2026-02-24T03:18:30.303772" elapsed="0.000506"/>
</kw>
<status status="PASS" start="2026-02-24T03:18:30.302768" elapsed="0.001510"/>
</kw>
<kw name="Enter Pro Mode For USDTIDR" owner="market_page">
<kw name="Click" owner="Browser">
<arg>${TRY_PRO_MODE_LINK}</arg>
<tag>PageContent</tag>
<tag>Setter</tag>
<doc>Simulates mouse click on the element found by ``selector``.</doc>
<status status="NOT RUN" start="2026-02-24T03:18:30.304278" elapsed="0.001357"/>
</kw>
<status status="PASS" start="2026-02-24T03:18:30.304278" elapsed="0.001357"/>
</kw>
<kw name="Select Stop Limit Tab" owner="market_page">
<kw name="Click" owner="Browser">
<arg>${STOP_LIMIT_TAB}</arg>
<tag>PageContent</tag>
<tag>Setter</tag>
<doc>Simulates mouse click on the element found by ``selector``.</doc>
<status status="NOT RUN" start="2026-02-24T03:18:30.306632" elapsed="0.000998"/>
</kw>
<status status="PASS" start="2026-02-24T03:18:30.305635" elapsed="0.001995"/>
</kw>
<kw name="Get From Dictionary" owner="Collections">
<var>${stop_price}</var>
<arg>${scenario}</arg>
<arg>stop_price</arg>
<doc>Returns a value from the given ``dictionary`` based on the given ``key``.</doc>
<status status="NOT RUN" start="2026-02-24T03:18:30.307630" elapsed="0.000000"/>
</kw>
<kw name="Get From Dictionary" owner="Collections">
<var>${limit_price}</var>
<arg>${scenario}</arg>
<arg>limit_price</arg>
<doc>Returns a value from the given ``dictionary`` based on the given ``key``.</doc>
<status status="NOT RUN" start="2026-02-24T03:18:30.307630" elapsed="0.001004"/>
</kw>
<kw name="Set Stop Limit Trigger Price" owner="market_page">
<kw name="Fill Text" owner="Browser">
<arg>${STOP_TRIGGER_INPUT}</arg>
<arg>${price}</arg>
<tag>PageContent</tag>
<tag>Setter</tag>
<doc>Clears and fills the given ``txt`` into the text field found by ``selector``.</doc>
<status status="NOT RUN" start="2026-02-24T03:18:30.309375" elapsed="0.000499"/>
</kw>
<arg>${stop_price}</arg>
<status status="PASS" start="2026-02-24T03:18:30.308634" elapsed="0.001240"/>
</kw>
<kw name="Set Stop Limit Price" owner="market_page">
<kw name="Fill Text" owner="Browser">
<arg>${STOP_LIMIT_PRICE_INPUT}</arg>
<arg>${price}</arg>
<tag>PageContent</tag>
<tag>Setter</tag>
<doc>Clears and fills the given ``txt`` into the text field found by ``selector``.</doc>
<status status="NOT RUN" start="2026-02-24T03:18:30.310374" elapsed="0.001003"/>
</kw>
<arg>${limit_price}</arg>
<status status="PASS" start="2026-02-24T03:18:30.309874" elapsed="0.001503"/>
</kw>
<kw name="Submit Sell USDT Order" owner="market_page">
<kw name="Click" owner="Browser">
<arg>${BUTTON_SELL_USDT}</arg>
<tag>PageContent</tag>
<tag>Setter</tag>
<doc>Simulates mouse click on the element found by ``selector``.</doc>
<status status="NOT RUN" start="2026-02-24T03:18:30.311881" elapsed="0.000000"/>
</kw>
<status status="PASS" start="2026-02-24T03:18:30.311377" elapsed="0.000504"/>
</kw>
<kw name="Market Sections Should Be Visible" owner="market_page">
<kw name="Get Text" owner="Browser">
<arg>${MARKET_SELL_TITLE}</arg>
<tag>Assertion</tag>
<tag>Getter</tag>
<tag>PageContent</tag>
<doc>Returns text attribute of the element found by ``selector``.</doc>
<status status="NOT RUN" start="2026-02-24T03:18:30.312885" elapsed="0.000000"/>
</kw>
<kw name="Get Text" owner="Browser">
<arg>${MARKET_BUY_TITLE}</arg>
<tag>Assertion</tag>
<tag>Getter</tag>
<tag>PageContent</tag>
<doc>Returns text attribute of the element found by ``selector``.</doc>
<status status="NOT RUN" start="2026-02-24T03:18:30.313908" elapsed="0.000505"/>
</kw>
<status status="PASS" start="2026-02-24T03:18:30.312885" elapsed="0.001528"/>
</kw>
<kw name="Last Price Should Be Present" owner="market_page">
<kw name="Get Text" owner="Browser">
<var>${text}</var>
<arg>${LAST_PRICE_SECTION}</arg>
<tag>Assertion</tag>
<tag>Getter</tag>
<tag>PageContent</tag>
<doc>Returns text attribute of the element found by ``selector``.</doc>
<status status="NOT RUN" start="2026-02-24T03:18:30.314914" elapsed="0.000000"/>
</kw>
<kw name="Evaluate" owner="BuiltIn">
<var>${has_number}</var>
<arg>__import__("re").search(r"[0-9][0-9\\.,]*", ${text}) is not None</arg>
<doc>Evaluates the given expression in Python and returns the result.</doc>
<status status="NOT RUN" start="2026-02-24T03:18:30.314914" elapsed="0.001005"/>
</kw>
<kw name="Should Be True" owner="BuiltIn">
<arg>${has_number}</arg>
<doc>Fails if the given condition is not true.</doc>
<status status="NOT RUN" start="2026-02-24T03:18:30.315919" elapsed="0.000506"/>
</kw>
<status status="PASS" start="2026-02-24T03:18:30.314413" elapsed="0.002012"/>
</kw>
<arg>${env}</arg>
<arg>${scenario}</arg>
<status status="PASS" start="2026-02-24T03:18:30.302768" elapsed="0.013657"/>
</kw>
<arg>'${tc_id}' == 'TC-05'</arg>
<arg>Execute USDTIDR TC05 Stop Limit Sell Order</arg>
<arg>${env}</arg>
<arg>${scenario}</arg>
<doc>Runs the given keyword with the given arguments, if ``condition`` is true.</doc>
<status status="PASS" start="2026-02-24T03:18:30.302263" elapsed="0.014162"/>
</kw>
<kw name="Run Keyword If" owner="BuiltIn">
<kw name="Execute USDTIDR TC05 Stop Limit Sell Order" owner="market_page">
<kw name="Open USDTIDR Market Page" owner="market_page">
<kw name="Go To Market Page" owner="browser_keywords">
<kw name="Go To" owner="Browser">
<arg>${BASE_URL}${path}</arg>
<tag>BrowserControl</tag>
<tag>Setter</tag>
<doc>Navigates to the given ``url``.</doc>
<status status="NOT RUN" start="2026-02-24T03:18:30.319462" elapsed="0.001000"/>
</kw>
<arg>${USDTIDR_MARKET_PATH}</arg>
<status status="PASS" start="2026-02-24T03:18:30.318808" elapsed="0.001654"/>
</kw>
<status status="PASS" start="2026-02-24T03:18:30.318808" elapsed="0.001654"/>
</kw>
<kw name="Enter Pro Mode For USDTIDR" owner="market_page">
<kw name="Click" owner="Browser">
<arg>${TRY_PRO_MODE_LINK}</arg>
<tag>PageContent</tag>
<tag>Setter</tag>
<doc>Simulates mouse click on the element found by ``selector``.</doc>
<status status="NOT RUN" start="2026-02-24T03:18:30.320462" elapsed="0.001003"/>
</kw>
<status status="PASS" start="2026-02-24T03:18:30.320462" elapsed="0.001003"/>
</kw>
<kw name="Select Stop Limit Tab" owner="market_page">
<kw name="Click" owner="Browser">
<arg>${STOP_LIMIT_TAB}</arg>
<tag>PageContent</tag>
<tag>Setter</tag>
<doc>Simulates mouse click on the element found by ``selector``.</doc>
<status status="NOT RUN" start="2026-02-24T03:18:30.322677" elapsed="0.000505"/>
</kw>
<status status="PASS" start="2026-02-24T03:18:30.321465" elapsed="0.001717"/>
</kw>
<kw name="Get From Dictionary" owner="Collections">
<var>${stop_price}</var>
<arg>${scenario}</arg>
<arg>stop_price</arg>
<doc>Returns a value from the given ``dictionary`` based on the given ``key``.</doc>
<status status="NOT RUN" start="2026-02-24T03:18:30.323182" elapsed="0.000000"/>
</kw>
<kw name="Get From Dictionary" owner="Collections">
<var>${limit_price}</var>
<arg>${scenario}</arg>
<arg>limit_price</arg>
<doc>Returns a value from the given ``dictionary`` based on the given ``key``.</doc>
<status status="NOT RUN" start="2026-02-24T03:18:30.323182" elapsed="0.000000"/>
</kw>
<kw name="Set Stop Limit Trigger Price" owner="market_page">
<kw name="Fill Text" owner="Browser">
<arg>${STOP_TRIGGER_INPUT}</arg>
<arg>${price}</arg>
<tag>PageContent</tag>
<tag>Setter</tag>
<doc>Clears and fills the given ``txt`` into the text field found by ``selector``.</doc>
<status status="NOT RUN" start="2026-02-24T03:18:30.324513" elapsed="0.000983"/>
</kw>
<arg>${stop_price}</arg>
<status status="PASS" start="2026-02-24T03:18:30.324513" elapsed="0.000983"/>
</kw>
<kw name="Set Stop Limit Price" owner="market_page">
<kw name="Fill Text" owner="Browser">
<arg>${STOP_LIMIT_PRICE_INPUT}</arg>
<arg>${price}</arg>
<tag>PageContent</tag>
<tag>Setter</tag>
<doc>Clears and fills the given ``txt`` into the text field found by ``selector``.</doc>
<status status="NOT RUN" start="2026-02-24T03:18:30.325996" elapsed="0.000500"/>
</kw>
<arg>${limit_price}</arg>
<status status="PASS" start="2026-02-24T03:18:30.325496" elapsed="0.001000"/>
</kw>
<kw name="Submit Sell USDT Order" owner="market_page">
<kw name="Click" owner="Browser">
<arg>${BUTTON_SELL_USDT}</arg>
<tag>PageContent</tag>
<tag>Setter</tag>
<doc>Simulates mouse click on the element found by ``selector``.</doc>
<status status="NOT RUN" start="2026-02-24T03:18:30.327603" elapsed="0.000369"/>
</kw>
<status status="PASS" start="2026-02-24T03:18:30.326496" elapsed="0.001476"/>
</kw>
<kw name="Market Sections Should Be Visible" owner="market_page">
<kw name="Get Text" owner="Browser">
<arg>${MARKET_SELL_TITLE}</arg>
<tag>Assertion</tag>
<tag>Getter</tag>
<tag>PageContent</tag>
<doc>Returns text attribute of the element found by ``selector``.</doc>
<status status="NOT RUN" start="2026-02-24T03:18:30.328997" elapsed="0.000000"/>
</kw>
<kw name="Get Text" owner="Browser">
<arg>${MARKET_BUY_TITLE}</arg>
<tag>Assertion</tag>
<tag>Getter</tag>
<tag>PageContent</tag>
<doc>Returns text attribute of the element found by ``selector``.</doc>
<status status="NOT RUN" start="2026-02-24T03:18:30.329849" elapsed="0.000500"/>
</kw>
<status status="PASS" start="2026-02-24T03:18:30.327972" elapsed="0.002377"/>
</kw>
<kw name="Last Price Should Be Present" owner="market_page">
<kw name="Get Text" owner="Browser">
<var>${text}</var>
<arg>${LAST_PRICE_SECTION}</arg>
<tag>Assertion</tag>
<tag>Getter</tag>
<tag>PageContent</tag>
<doc>Returns text attribute of the element found by ``selector``.</doc>
<status status="NOT RUN" start="2026-02-24T03:18:30.330349" elapsed="0.001423"/>
</kw>
<kw name="Evaluate" owner="BuiltIn">
<var>${has_number}</var>
<arg>__import__("re").search(r"[0-9][0-9\\.,]*", ${text}) is not None</arg>
<doc>Evaluates the given expression in Python and returns the result.</doc>
<status status="NOT RUN" start="2026-02-24T03:18:30.331772" elapsed="0.000504"/>
</kw>
<kw name="Should Be True" owner="BuiltIn">
<arg>${has_number}</arg>
<doc>Fails if the given condition is not true.</doc>
<status status="NOT RUN" start="2026-02-24T03:18:30.332276" elapsed="0.000000"/>
</kw>
<status status="PASS" start="2026-02-24T03:18:30.330349" elapsed="0.001927"/>
</kw>
<arg>${env}</arg>
<arg>${scenario}</arg>
<status status="PASS" start="2026-02-24T03:18:30.317766" elapsed="0.014510"/>
</kw>
<arg>'${tc_id}' == 'TC-06'</arg>
<arg>Execute USDTIDR TC05 Stop Limit Sell Order</arg>
<arg>${env}</arg>
<arg>${scenario}</arg>
<doc>Runs the given keyword with the given arguments, if ``condition`` is true.</doc>
<status status="PASS" start="2026-02-24T03:18:30.316425" elapsed="0.015851"/>
</kw>
<kw name="Run Keyword If" owner="BuiltIn">
<kw name="Execute USDTIDR TC07 Below Minimum Transaction Limit" owner="market_page">
<kw name="Open USDTIDR Market Page" owner="market_page">
<kw name="Go To Market Page" owner="browser_keywords">
<kw name="Go To" owner="Browser">
<arg>${BASE_URL}${path}</arg>
<tag>BrowserControl</tag>
<tag>Setter</tag>
<doc>Navigates to the given ``url``.</doc>
<status status="NOT RUN" start="2026-02-24T03:18:30.335988" elapsed="0.000000"/>
</kw>
<arg>${USDTIDR_MARKET_PATH}</arg>
<status status="PASS" start="2026-02-24T03:18:30.334984" elapsed="0.001004"/>
</kw>
<status status="PASS" start="2026-02-24T03:18:30.334984" elapsed="0.001004"/>
</kw>
<kw name="Enter Pro Mode For USDTIDR" owner="market_page">
<kw name="Click" owner="Browser">
<arg>${TRY_PRO_MODE_LINK}</arg>
<tag>PageContent</tag>
<tag>Setter</tag>
<doc>Simulates mouse click on the element found by ``selector``.</doc>
<status status="NOT RUN" start="2026-02-24T03:18:30.337511" elapsed="0.000499"/>
</kw>
<status status="PASS" start="2026-02-24T03:18:30.337005" elapsed="0.001005"/>
</kw>
<kw name="Select Market Buy Tab" owner="market_page">
<kw name="Click" owner="Browser">
<arg>${BUY_TAB_MARKET}</arg>
<tag>PageContent</tag>
<tag>Setter</tag>
<doc>Simulates mouse click on the element found by ``selector``.</doc>
<status status="NOT RUN" start="2026-02-24T03:18:30.339555" elapsed="0.000000"/>
</kw>
<status status="PASS" start="2026-02-24T03:18:30.338010" elapsed="0.001545"/>
</kw>
<kw name="Get From Dictionary" owner="Collections">
<var>${amount}</var>
<arg>${scenario}</arg>
<arg>invalid_amount_idr</arg>
<doc>Returns a value from the given ``dictionary`` based on the given ``key``.</doc>
<status status="NOT RUN" start="2026-02-24T03:18:30.340560" elapsed="0.000000"/>
</kw>
<kw name="Set Sell Coin Amount" owner="market_page">
<kw name="Fill Text" owner="Browser">
<arg>${SELL_COIN_AMOUNT_INPUT}</arg>
<arg>${amount}</arg>
<tag>PageContent</tag>
<tag>Setter</tag>
<doc>Clears and fills the given ``txt`` into the text field found by ``selector``.</doc>
<status status="NOT RUN" start="2026-02-24T03:18:30.341065" elapsed="0.001499"/>
</kw>
<arg>${amount}</arg>
<status status="PASS" start="2026-02-24T03:18:30.341065" elapsed="0.001499"/>
</kw>
<kw name="Submit Buy USDT Order" owner="market_page">
<kw name="Click" owner="Browser">
<arg>${BUTTON_BUY_USDT}</arg>
<tag>PageContent</tag>
<tag>Setter</tag>
<doc>Simulates mouse click on the element found by ``selector``.</doc>
<status status="NOT RUN" start="2026-02-24T03:18:30.343070" elapsed="0.000000"/>
</kw>
<status status="PASS" start="2026-02-24T03:18:30.342564" elapsed="0.000506"/>
</kw>
<kw name="Minimum Transaction Warning Should Be Visible" owner="market_page">
<kw name="Get Text" owner="Browser">
<arg>${MIN_TX_WARNING}</arg>
<tag>Assertion</tag>
<tag>Getter</tag>
<tag>PageContent</tag>
<doc>Returns text attribute of the element found by ``selector``.</doc>
<status status="NOT RUN" start="2026-02-24T03:18:30.344074" elapsed="0.000504"/>
</kw>
<status status="PASS" start="2026-02-24T03:18:30.343070" elapsed="0.001508"/>
</kw>
<arg>${env}</arg>
<arg>${scenario}</arg>
<status status="PASS" start="2026-02-24T03:18:30.334485" elapsed="0.010093"/>
</kw>
<arg>'${tc_id}' == 'TC-07'</arg>
<arg>Execute USDTIDR TC07 Below Minimum Transaction Limit</arg>
<arg>${env}</arg>
<arg>${scenario}</arg>
<doc>Runs the given keyword with the given arguments, if ``condition`` is true.</doc>
<status status="PASS" start="2026-02-24T03:18:30.333279" elapsed="0.011299"/>
</kw>
<kw name="Run Keyword If" owner="BuiltIn">
<kw name="Execute USDTIDR TC08 Cancel Limit Buy To Release Frozen Funds" owner="market_page">
<kw name="Open USDTIDR Market Page" owner="market_page">
<kw name="Go To Market Page" owner="browser_keywords">
<kw name="Go To" owner="Browser">
<arg>${BASE_URL}${path}</arg>
<tag>BrowserControl</tag>
<tag>Setter</tag>
<doc>Navigates to the given ``url``.</doc>
<status status="NOT RUN" start="2026-02-24T03:18:30.347075" elapsed="0.000499"/>
</kw>
<arg>${USDTIDR_MARKET_PATH}</arg>
<status status="PASS" start="2026-02-24T03:18:30.346575" elapsed="0.000999"/>
</kw>
<status status="PASS" start="2026-02-24T03:18:30.345581" elapsed="0.001993"/>
</kw>
<kw name="Enter Pro Mode For USDTIDR" owner="market_page">
<kw name="Click" owner="Browser">
<arg>${TRY_PRO_MODE_LINK}</arg>
<tag>PageContent</tag>
<tag>Setter</tag>
<doc>Simulates mouse click on the element found by ``selector``.</doc>
<status status="NOT RUN" start="2026-02-24T03:18:30.347574" elapsed="0.001005"/>
</kw>
<status status="PASS" start="2026-02-24T03:18:30.347574" elapsed="0.001510"/>
</kw>
<kw name="Select Limit Buy Tab" owner="market_page">
<kw name="Click" owner="Browser">
<arg>${LIMIT_BUY_TAB}</arg>
<tag>PageContent</tag>
<tag>Setter</tag>
<doc>Simulates mouse click on the element found by ``selector``.</doc>
<status status="NOT RUN" start="2026-02-24T03:18:30.349084" elapsed="0.001511"/>
</kw>
<status status="PASS" start="2026-02-24T03:18:30.349084" elapsed="0.001511"/>
</kw>
<kw name="Get From Dictionary" owner="Collections">
<var>${price}</var>
<arg>${scenario}</arg>
<arg>limit_price</arg>
<doc>Returns a value from the given ``dictionary`` based on the given ``key``.</doc>
<status status="NOT RUN" start="2026-02-24T03:18:30.350595" elapsed="0.000000"/>
</kw>
<kw name="Set Limit Buy Price" owner="market_page">
<kw name="Fill Text" owner="Browser">
<arg>${BUY_PRICE_INPUT}</arg>
<arg>${price}</arg>
<tag>PageContent</tag>
<tag>Setter</tag>
<doc>Clears and fills the given ``txt`` into the text field found by ``selector``.</doc>
<status status="NOT RUN" start="2026-02-24T03:18:30.351679" elapsed="0.000504"/>
</kw>
<arg>${price}</arg>
<status status="PASS" start="2026-02-24T03:18:30.350595" elapsed="0.001588"/>
</kw>
<kw name="Set Limit Buy Slider To Half" owner="market_page">
<kw name="Click" owner="Browser">
<arg>${BUY_LIMIT_SLIDER}</arg>
<tag>PageContent</tag>
<tag>Setter</tag>
<doc>Simulates mouse click on the element found by ``selector``.</doc>
<status status="NOT RUN" start="2026-02-24T03:18:30.353561" elapsed="0.000000"/>
</kw>
<status status="PASS" start="2026-02-24T03:18:30.352183" elapsed="0.001378"/>
</kw>
<kw name="Submit Buy USDT Order" owner="market_page">
<kw name="Click" owner="Browser">
<arg>${BUTTON_BUY_USDT}</arg>
<tag>PageContent</tag>
<tag>Setter</tag>
<doc>Simulates mouse click on the element found by ``selector``.</doc>
<status status="NOT RUN" start="2026-02-24T03:18:30.354729" elapsed="0.000000"/>
</kw>
<status status="PASS" start="2026-02-24T03:18:30.353561" elapsed="0.002231"/>
</kw>
<kw name="Open History Page" owner="market_page">
<kw name="Go To History Page" owner="browser_keywords">
<kw name="Go To" owner="Browser">
<arg>${BASE_URL}/history</arg>
<tag>BrowserControl</tag>
<tag>Setter</tag>
<doc>Navigates to the given ``url``.</doc>
<status status="NOT RUN" start="2026-02-24T03:18:30.357396" elapsed="0.000837"/>
</kw>
<status status="PASS" start="2026-02-24T03:18:30.356301" elapsed="0.001932"/>
</kw>
<status status="PASS" start="2026-02-24T03:18:30.355792" elapsed="0.002441"/>
</kw>
<kw name="Open Open Order Tab" owner="market_page">
<kw name="Click" owner="Browser">
<arg>${OPEN_ORDER_TAB}</arg>
<tag>PageContent</tag>
<tag>Setter</tag>
<doc>Simulates mouse click on the element found by ``selector``.</doc>
<status status="NOT RUN" start="2026-02-24T03:18:30.359232" elapsed="0.000000"/>
</kw>
<status status="PASS" start="2026-02-24T03:18:30.358233" elapsed="0.002002"/>
</kw>
<kw name="Cancel First Open Order" owner="market_page">
<kw name="Click" owner="Browser">
<arg>text=Cancel</arg>
<tag>PageContent</tag>
<tag>Setter</tag>
<doc>Simulates mouse click on the element found by ``selector``.</doc>
<status status="NOT RUN" start="2026-02-24T03:18:30.360235" elapsed="0.000837"/>
</kw>
<status status="PASS" start="2026-02-24T03:18:30.360235" elapsed="0.000837"/>
</kw>
<arg>${env}</arg>
<arg>${scenario}</arg>
<status status="PASS" start="2026-02-24T03:18:30.345581" elapsed="0.015491"/>
</kw>
<arg>'${tc_id}' == 'TC-08'</arg>
<arg>Execute USDTIDR TC08 Cancel Limit Buy To Release Frozen Funds</arg>
<arg>${env}</arg>
<arg>${scenario}</arg>
<doc>Runs the given keyword with the given arguments, if ``condition`` is true.</doc>
<status status="PASS" start="2026-02-24T03:18:30.344578" elapsed="0.016994"/>
</kw>
<arg>TC-01</arg>
<arg>${ENV}</arg>
<status status="PASS" start="2026-02-24T03:18:30.233747" elapsed="0.127825"/>
</kw>
<msg time="2026-02-24T03:18:30.427580" level="INFO">Starting Browser process C:\Users\astar\OneDrive\Dokumen\anaconda3\lib\site-packages\Browser\wrapper\index.js using at 127.0.0.1:54462</msg>
<tag>flow</tag>
<tag>market</tag>
<tag>mobile</tag>
<tag>P0</tag>
<tag>pro</tag>
<tag>TC-01</tag>
<tag>trade</tag>
<status status="PASS" start="2026-02-24T03:18:30.232743" elapsed="0.128829"/>
</test>
<test id="s1-t2" name="TCM-02 Trader Executes Market Sell Order by Specifying Asset Quantity (Mobile)" line="16">
<kw name="USDTIDR Mobile Market Smoke">
<kw name="Get Market Usdtidr Test By Id" owner="test_data_loader">
<var>${scenario}</var>
<arg>${tc_id}</arg>
<status status="NOT RUN" start="2026-02-24T03:18:32.619637" elapsed="0.000000"/>
</kw>
<kw name="Run Keyword If" owner="BuiltIn">
<kw name="Execute USDTIDR TC01 Market Buy 100 Percent" owner="market_page">
<kw name="Open USDTIDR Market Page" owner="market_page">
<kw name="Go To Market Page" owner="browser_keywords">
<kw name="Go To" owner="Browser">
<arg>${BASE_URL}${path}</arg>
<tag>BrowserControl</tag>
<tag>Setter</tag>
<doc>Navigates to the given ``url``.</doc>
<status status="NOT RUN" start="2026-02-24T03:18:32.624454" elapsed="0.000507"/>
</kw>
<arg>${USDTIDR_MARKET_PATH}</arg>
<status status="PASS" start="2026-02-24T03:18:32.623381" elapsed="0.002082"/>
</kw>
<status status="PASS" start="2026-02-24T03:18:32.621652" elapsed="0.003811"/>
</kw>
<kw name="Enter Pro Mode For USDTIDR" owner="market_page">
<kw name="Click" owner="Browser">
<arg>${TRY_PRO_MODE_LINK}</arg>
<tag>PageContent</tag>
<tag>Setter</tag>
<doc>Simulates mouse click on the element found by ``selector``.</doc>
<status status="NOT RUN" start="2026-02-24T03:18:32.625967" elapsed="0.000505"/>
</kw>
<status status="PASS" start="2026-02-24T03:18:32.625463" elapsed="0.001009"/>
</kw>
<kw name="Select Market Buy Tab" owner="market_page">
<kw name="Click" owner="Browser">
<arg>${BUY_TAB_MARKET}</arg>
<tag>PageContent</tag>
<tag>Setter</tag>
<doc>Simulates mouse click on the element found by ``selector``.</doc>
<status status="NOT RUN" start="2026-02-24T03:18:32.627542" elapsed="0.000589"/>
</kw>
<status status="PASS" start="2026-02-24T03:18:32.626472" elapsed="0.001659"/>
</kw>
<kw name="Set Buy Amount To 100 Percent" owner="market_page">
<kw name="Click" owner="Browser">
<arg>${SLIDER_100}</arg>
<tag>PageContent</tag>
<tag>Setter</tag>
<doc>Simulates mouse click on the element found by ``selector``.</doc>
<status status="NOT RUN" start="2026-02-24T03:18:32.629541" elapsed="0.000500"/>
</kw>
<status status="PASS" start="2026-02-24T03:18:32.628631" elapsed="0.001410"/>
</kw>
<kw name="Submit Buy USDT Order" owner="market_page">
<kw name="Click" owner="Browser">
<arg>${BUTTON_BUY_USDT}</arg>
<tag>PageContent</tag>
<tag>Setter</tag>
<doc>Simulates mouse click on the element found by ``selector``.</doc>
<status status="NOT RUN" start="2026-02-24T03:18:32.631105" elapsed="0.000000"/>
</kw>
<status status="PASS" start="2026-02-24T03:18:32.630041" elapsed="0.001064"/>
</kw>
<kw name="Market Sections Should Be Visible" owner="market_page">
<kw name="Get Text" owner="Browser">
<arg>${MARKET_SELL_TITLE}</arg>
<tag>Assertion</tag>
<tag>Getter</tag>
<tag>PageContent</tag>
<doc>Returns text attribute of the element found by ``selector``.</doc>
<status status="NOT RUN" start="2026-02-24T03:18:32.632663" elapsed="0.001001"/>
</kw>
<kw name="Get Text" owner="Browser">
<arg>${MARKET_BUY_TITLE}</arg>
<tag>Assertion</tag>
<tag>Getter</tag>
<tag>PageContent</tag>
<doc>Returns text attribute of the element found by ``selector``.</doc>
<status status="NOT RUN" start="2026-02-24T03:18:32.633664" elapsed="0.000500"/>
</kw>
<status status="PASS" start="2026-02-24T03:18:32.632159" elapsed="0.002005"/>
</kw>
<kw name="Last Price Should Be Present" owner="market_page">
<kw name="Get Text" owner="Browser">
<var>${text}</var>
<arg>${LAST_PRICE_SECTION}</arg>
<tag>Assertion</tag>
<tag>Getter</tag>
<tag>PageContent</tag>
<doc>Returns text attribute of the element found by ``selector``.</doc>
<status status="NOT RUN" start="2026-02-24T03:18:32.636029" elapsed="0.001006"/>
</kw>
<kw name="Evaluate" owner="BuiltIn">
<var>${has_number}</var>
<arg>__import__("re").search(r"[0-9][0-9\\.,]*", ${text}) is not None</arg>
<doc>Evaluates the given expression in Python and returns the result.</doc>
<status status="NOT RUN" start="2026-02-24T03:18:32.637787" elapsed="0.001005"/>
</kw>
<kw name="Should Be True" owner="BuiltIn">
<arg>${has_number}</arg>
<doc>Fails if the given condition is not true.</doc>
<status status="NOT RUN" start="2026-02-24T03:18:32.639317" elapsed="0.000866"/>
</kw>
<status status="PASS" start="2026-02-24T03:18:32.634164" elapsed="0.006019"/>
</kw>
<arg>${env}</arg>
<arg>${scenario}</arg>
<status status="PASS" start="2026-02-24T03:18:32.620706" elapsed="0.019477"/>
</kw>
<arg>'${tc_id}' == 'TC-01'</arg>
<arg>Execute USDTIDR TC01 Market Buy 100 Percent</arg>
<arg>${env}</arg>
<arg>${scenario}</arg>
<doc>Runs the given keyword with the given arguments, if ``condition`` is true.</doc>
<status status="PASS" start="2026-02-24T03:18:32.619637" elapsed="0.020546"/>
</kw>
<kw name="Run Keyword If" owner="BuiltIn">
<kw name="Execute USDTIDR TC02 Market Sell Specified Quantity" owner="market_page">
<kw name="Open USDTIDR Market Page" owner="market_page">
<kw name="Go To Market Page" owner="browser_keywords">
<kw name="Go To" owner="Browser">
<arg>${BASE_URL}${path}</arg>
<tag>BrowserControl</tag>
<tag>Setter</tag>
<doc>Navigates to the given ``url``.</doc>
<status status="NOT RUN" start="2026-02-24T03:18:32.643883" elapsed="0.000000"/>
</kw>
<arg>${USDTIDR_MARKET_PATH}</arg>
<status status="PASS" start="2026-02-24T03:18:32.642882" elapsed="0.002009"/>
</kw>
<status status="PASS" start="2026-02-24T03:18:32.642102" elapsed="0.002789"/>
</kw>
<kw name="Enter Pro Mode For USDTIDR" owner="market_page">
<kw name="Click" owner="Browser">
<arg>${TRY_PRO_MODE_LINK}</arg>
<tag>PageContent</tag>
<tag>Setter</tag>
<doc>Simulates mouse click on the element found by ``selector``.</doc>
<status status="NOT RUN" start="2026-02-24T03:18:32.645961" elapsed="0.002528"/>
</kw>
<status status="PASS" start="2026-02-24T03:18:32.644891" elapsed="0.003598"/>
</kw>
<kw name="Select Market Buy Tab" owner="market_page">
<kw name="Click" owner="Browser">
<arg>${BUY_TAB_MARKET}</arg>
<tag>PageContent</tag>
<tag>Setter</tag>
<doc>Simulates mouse click on the element found by ``selector``.</doc>
<status status="NOT RUN" start="2026-02-24T03:18:32.650060" elapsed="0.000860"/>
</kw>
<status status="PASS" start="2026-02-24T03:18:32.648489" elapsed="0.002431"/>
</kw>
<kw name="Get From Dictionary" owner="Collections">
<var>${amount}</var>
<arg>${scenario}</arg>
<arg>sell_amount</arg>
<doc>Returns a value from the given ``dictionary`` based on the given ``key``.</doc>
<status status="NOT RUN" start="2026-02-24T03:18:32.650920" elapsed="0.000786"/>
</kw>
<kw name="Set Sell Coin Amount" owner="market_page">
<kw name="Fill Text" owner="Browser">
<arg>${SELL_COIN_AMOUNT_INPUT}</arg>
<arg>${amount}</arg>
<tag>PageContent</tag>
<tag>Setter</tag>
<doc>Clears and fills the given ``txt`` into the text field found by ``selector``.</doc>
<status status="NOT RUN" start="2026-02-24T03:18:32.652703" elapsed="0.001006"/>
</kw>
<arg>${amount}</arg>
<status status="PASS" start="2026-02-24T03:18:32.652203" elapsed="0.001506"/>
</kw>
<kw name="Submit Sell USDT Order" owner="market_page">
<kw name="Click" owner="Browser">
<arg>${BUTTON_SELL_USDT}</arg>
<tag>PageContent</tag>
<tag>Setter</tag>
<doc>Simulates mouse click on the element found by ``selector``.</doc>
<status status="NOT RUN" start="2026-02-24T03:18:32.655238" elapsed="0.001178"/>
</kw>
<status status="PASS" start="2026-02-24T03:18:32.654734" elapsed="0.001682"/>
</kw>
<kw name="Market Sections Should Be Visible" owner="market_page">
<kw name="Get Text" owner="Browser">
<arg>${MARKET_SELL_TITLE}</arg>
<tag>Assertion</tag>
<tag>Getter</tag>
<tag>PageContent</tag>
<doc>Returns text attribute of the element found by ``selector``.</doc>
<status status="NOT RUN" start="2026-02-24T03:18:32.658003" elapsed="0.000503"/>
</kw>
<kw name="Get Text" owner="Browser">
<arg>${MARKET_BUY_TITLE}</arg>
<tag>Assertion</tag>
<tag>Getter</tag>
<tag>PageContent</tag>
<doc>Returns text attribute of the element found by ``selector``.</doc>
<status status="NOT RUN" start="2026-02-24T03:18:32.659010" elapsed="0.000505"/>
</kw>
<status status="PASS" start="2026-02-24T03:18:32.657006" elapsed="0.002509"/>
</kw>
<kw name="Last Price Should Be Present" owner="market_page">
<kw name="Get Text" owner="Browser">
<var>${text}</var>
<arg>${LAST_PRICE_SECTION}</arg>
<tag>Assertion</tag>
<tag>Getter</tag>
<tag>PageContent</tag>
<doc>Returns text attribute of the element found by ``selector``.</doc>
<status status="NOT RUN" start="2026-02-24T03:18:32.660700" elapsed="0.000506"/>
</kw>
<kw name="Evaluate" owner="BuiltIn">
<var>${has_number}</var>
<arg>__import__("re").search(r"[0-9][0-9\\.,]*", ${text}) is not None</arg>
<doc>Evaluates the given expression in Python and returns the result.</doc>
<status status="NOT RUN" start="2026-02-24T03:18:32.661206" elapsed="0.000000"/>
</kw>
<kw name="Should Be True" owner="BuiltIn">
<arg>${has_number}</arg>
<doc>Fails if the given condition is not true.</doc>
<status status="NOT RUN" start="2026-02-24T03:18:32.661206" elapsed="0.001003"/>
</kw>
<status status="PASS" start="2026-02-24T03:18:32.659515" elapsed="0.002694"/>
</kw>
<arg>${env}</arg>
<arg>${scenario}</arg>
<status status="PASS" start="2026-02-24T03:18:32.640688" elapsed="0.022026"/>
</kw>
<arg>'${tc_id}' == 'TC-02'</arg>
<arg>Execute USDTIDR TC02 Market Sell Specified Quantity</arg>
<arg>${env}</arg>
<arg>${scenario}</arg>
<doc>Runs the given keyword with the given arguments, if ``condition`` is true.</doc>
<status status="PASS" start="2026-02-24T03:18:32.640688" elapsed="0.022026"/>
</kw>
<kw name="Run Keyword If" owner="BuiltIn">
<kw name="Execute USDTIDR TC03 Limit Buy Filled" owner="market_page">
<kw name="Open USDTIDR Market Page" owner="market_page">
<kw name="Go To Market Page" owner="browser_keywords">
<kw name="Go To" owner="Browser">
<arg>${BASE_URL}${path}</arg>
<tag>BrowserControl</tag>
<tag>Setter</tag>
<doc>Navigates to the given ``url``.</doc>
<status status="NOT RUN" start="2026-02-24T03:18:32.665265" elapsed="0.000000"/>
</kw>
<arg>${USDTIDR_MARKET_PATH}</arg>
<status status="PASS" start="2026-02-24T03:18:32.664758" elapsed="0.000507"/>
</kw>
<status status="PASS" start="2026-02-24T03:18:32.663721" elapsed="0.001544"/>
</kw>
<kw name="Enter Pro Mode For USDTIDR" owner="market_page">
<kw name="Click" owner="Browser">
<arg>${TRY_PRO_MODE_LINK}</arg>
<tag>PageContent</tag>
<tag>Setter</tag>
<doc>Simulates mouse click on the element found by ``selector``.</doc>
<status status="NOT RUN" start="2026-02-24T03:18:32.666988" elapsed="0.002238"/>
</kw>
<status status="PASS" start="2026-02-24T03:18:32.666481" elapsed="0.002745"/>
</kw>
<kw name="Select Limit Buy Tab" owner="market_page">
<kw name="Click" owner="Browser">
<arg>${LIMIT_BUY_TAB}</arg>
<tag>PageContent</tag>
<tag>Setter</tag>
<doc>Simulates mouse click on the element found by ``selector``.</doc>
<status status="NOT RUN" start="2026-02-24T03:18:32.671248" elapsed="0.000499"/>
</kw>
<status status="PASS" start="2026-02-24T03:18:32.669731" elapsed="0.002016"/>
</kw>
<kw name="Get From Dictionary" owner="Collections">
<var>${price}</var>
<arg>${scenario}</arg>
<arg>limit_price</arg>
<doc>Returns a value from the given ``dictionary`` based on the given ``key``.</doc>
<status status="NOT RUN" start="2026-02-24T03:18:32.671747" elapsed="0.001009"/>
</kw>
<kw name="Set Limit Buy Price" owner="market_page">
<kw name="Fill Text" owner="Browser">
<arg>${BUY_PRICE_INPUT}</arg>
<arg>${price}</arg>
<tag>PageContent</tag>
<tag>Setter</tag>
<doc>Clears and fills the given ``txt`` into the text field found by ``selector``.</doc>
<status status="NOT RUN" start="2026-02-24T03:18:32.673570" elapsed="0.000500"/>
</kw>
<arg>${price}</arg>
<status status="PASS" start="2026-02-24T03:18:32.672756" elapsed="0.001314"/>
</kw>
<kw name="Set Limit Buy Slider To Half" owner="market_page">
<kw name="Click" owner="Browser">
<arg>${BUY_LIMIT_SLIDER}</arg>
<tag>PageContent</tag>
<tag>Setter</tag>
<doc>Simulates mouse click on the element found by ``selector``.</doc>
<status status="NOT RUN" start="2026-02-24T03:18:32.674572" elapsed="0.001046"/>
</kw>
<status status="PASS" start="2026-02-24T03:18:32.674572" elapsed="0.001046"/>
</kw>
<kw name="Submit Buy USDT Order" owner="market_page">
<kw name="Click" owner="Browser">
<arg>${BUTTON_BUY_USDT}</arg>
<tag>PageContent</tag>
<tag>Setter</tag>
<doc>Simulates mouse click on the element found by ``selector``.</doc>
<status status="NOT RUN" start="2026-02-24T03:18:32.676644" elapsed="0.000507"/>
</kw>
<status status="PASS" start="2026-02-24T03:18:32.675618" elapsed="0.002033"/>
</kw>
<kw name="Market Sections Should Be Visible" owner="market_page">
<kw name="Get Text" owner="Browser">
<arg>${MARKET_SELL_TITLE}</arg>
<tag>Assertion</tag>
<tag>Getter</tag>
<tag>PageContent</tag>
<doc>Returns text attribute of the element found by ``selector``.</doc>
<status status="NOT RUN" start="2026-02-24T03:18:32.677651" elapsed="0.001513"/>
</kw>
<kw name="Get Text" owner="Browser">
<arg>${MARKET_BUY_TITLE}</arg>
<tag>Assertion</tag>
<tag>Getter</tag>
<tag>PageContent</tag>
<doc>Returns text attribute of the element found by ``selector``.</doc>
<status status="NOT RUN" start="2026-02-24T03:18:32.679164" elapsed="0.000000"/>
</kw>
<status status="PASS" start="2026-02-24T03:18:32.677651" elapsed="0.001513"/>
</kw>
<kw name="Last Price Should Be Present" owner="market_page">
<kw name="Get Text" owner="Browser">
<var>${text}</var>
<arg>${LAST_PRICE_SECTION}</arg>
<tag>Assertion</tag>
<tag>Getter</tag>
<tag>PageContent</tag>
<doc>Returns text attribute of the element found by ``selector``.</doc>
<status status="NOT RUN" start="2026-02-24T03:18:32.680674" elapsed="0.000000"/>
</kw>
<kw name="Evaluate" owner="BuiltIn">
<var>${has_number}</var>
<arg>__import__("re").search(r"[0-9][0-9\\.,]*", ${text}) is not None</arg>
<doc>Evaluates the given expression in Python and returns the result.</doc>
<status status="NOT RUN" start="2026-02-24T03:18:32.680674" elapsed="0.001003"/>
</kw>
<kw name="Should Be True" owner="BuiltIn">
<arg>${has_number}</arg>
<doc>Fails if the given condition is not true.</doc>
<status status="NOT RUN" start="2026-02-24T03:18:32.681677" elapsed="0.000000"/>
</kw>
<status status="PASS" start="2026-02-24T03:18:32.680168" elapsed="0.002013"/>
</kw>
<arg>${env}</arg>
<arg>${scenario}</arg>
<status status="PASS" start="2026-02-24T03:18:32.663721" elapsed="0.018460"/>
</kw>
<arg>'${tc_id}' == 'TC-03'</arg>
<arg>Execute USDTIDR TC03 Limit Buy Filled</arg>
<arg>${env}</arg>
<arg>${scenario}</arg>
<doc>Runs the given keyword with the given arguments, if ``condition`` is true.</doc>
<status status="PASS" start="2026-02-24T03:18:32.662714" elapsed="0.019467"/>
</kw>
<kw name="Run Keyword If" owner="BuiltIn">
<kw name="Execute USDTIDR TC04 Limit Sell Partial Execution" owner="market_page">
<kw name="Open USDTIDR Market Page" owner="market_page">
<kw name="Go To Market Page" owner="browser_keywords">
<kw name="Go To" owner="Browser">
<arg>${BASE_URL}${path}</arg>
<tag>BrowserControl</tag>
<tag>Setter</tag>
<doc>Navigates to the given ``url``.</doc>
<status status="NOT RUN" start="2026-02-24T03:18:32.685685" elapsed="0.000501"/>
</kw>
<arg>${USDTIDR_MARKET_PATH}</arg>
<status status="PASS" start="2026-02-24T03:18:32.684712" elapsed="0.001976"/>
</kw>
<status status="PASS" start="2026-02-24T03:18:32.683690" elapsed="0.002998"/>
</kw>
<kw name="Enter Pro Mode For USDTIDR" owner="market_page">
<kw name="Click" owner="Browser">
<arg>${TRY_PRO_MODE_LINK}</arg>
<tag>PageContent</tag>
<tag>Setter</tag>
<doc>Simulates mouse click on the element found by ``selector``.</doc>
<status status="NOT RUN" start="2026-02-24T03:18:32.686688" elapsed="0.001007"/>
</kw>
<status status="PASS" start="2026-02-24T03:18:32.686688" elapsed="0.001512"/>
</kw>
<kw name="Select Limit Buy Tab" owner="market_page">
<kw name="Click" owner="Browser">
<arg>${LIMIT_BUY_TAB}</arg>
<tag>PageContent</tag>
<tag>Setter</tag>
<doc>Simulates mouse click on the element found by ``selector``.</doc>
<status status="NOT RUN" start="2026-02-24T03:18:32.688200" elapsed="0.001005"/>
</kw>
<status status="PASS" start="2026-02-24T03:18:32.688200" elapsed="0.001005"/>
</kw>
<kw name="Get From Dictionary" owner="Collections">
<var>${price}</var>
<arg>${scenario}</arg>
<arg>limit_sell_price</arg>
<doc>Returns a value from the given ``dictionary`` based on the given ``key``.</doc>
<status status="NOT RUN" start="2026-02-24T03:18:32.689712" elapsed="0.000000"/>
</kw>
<kw name="Get From Dictionary" owner="Collections">
<var>${amount}</var>
<arg>${scenario}</arg>
<arg>sell_amount</arg>
<doc>Returns a value from the given ``dictionary`` based on the given ``key``.</doc>
<status status="NOT RUN" start="2026-02-24T03:18:32.689712" elapsed="0.000000"/>
</kw>
<kw name="Set Limit Sell Price" owner="market_page">
<kw name="Fill Text" owner="Browser">
<arg>${SELL_PRICE_INPUT}</arg>
<arg>${price}</arg>
<tag>PageContent</tag>
<tag>Setter</tag>
<doc>Clears and fills the given ``txt`` into the text field found by ``selector``.</doc>
<status status="NOT RUN" start="2026-02-24T03:18:32.691219" elapsed="0.000000"/>
</kw>
<arg>${price}</arg>
<status status="PASS" start="2026-02-24T03:18:32.690715" elapsed="0.000504"/>
</kw>
<kw name="Set Sell Coin Amount" owner="market_page">
<kw name="Fill Text" owner="Browser">
<arg>${SELL_COIN_AMOUNT_INPUT}</arg>
<arg>${amount}</arg>
<tag>PageContent</tag>
<tag>Setter</tag>
<doc>Clears and fills the given ``txt`` into the text field found by ``selector``.</doc>
<status status="NOT RUN" start="2026-02-24T03:18:32.692221" elapsed="0.000503"/>
</kw>
<arg>${amount}</arg>
<status status="PASS" start="2026-02-24T03:18:32.691219" elapsed="0.001505"/>
</kw>
<kw name="Submit Sell USDT Order" owner="market_page">
<kw name="Click" owner="Browser">
<arg>${BUTTON_SELL_USDT}</arg>
<tag>PageContent</tag>
<tag>Setter</tag>
<doc>Simulates mouse click on the element found by ``selector``.</doc>
<status status="NOT RUN" start="2026-02-24T03:18:32.693726" elapsed="0.000503"/>
</kw>
<status status="PASS" start="2026-02-24T03:18:32.692724" elapsed="0.001505"/>
</kw>
<kw name="Market Sections Should Be Visible" owner="market_page">
<kw name="Get Text" owner="Browser">
<arg>${MARKET_SELL_TITLE}</arg>
<tag>Assertion</tag>
<tag>Getter</tag>
<tag>PageContent</tag>
<doc>Returns text attribute of the element found by ``selector``.</doc>
<status status="NOT RUN" start="2026-02-24T03:18:32.695232" elapsed="0.000503"/>
</kw>
<kw name="Get Text" owner="Browser">
<arg>${MARKET_BUY_TITLE}</arg>
<tag>Assertion</tag>
<tag>Getter</tag>
<tag>PageContent</tag>
<doc>Returns text attribute of the element found by ``selector``.</doc>
<status status="NOT RUN" start="2026-02-24T03:18:32.695735" elapsed="0.000000"/>
</kw>
<status status="PASS" start="2026-02-24T03:18:32.694229" elapsed="0.001506"/>
</kw>
<kw name="Last Price Should Be Present" owner="market_page">
<kw name="Get Text" owner="Browser">
<var>${text}</var>
<arg>${LAST_PRICE_SECTION}</arg>
<tag>Assertion</tag>
<tag>Getter</tag>
<tag>PageContent</tag>
<doc>Returns text attribute of the element found by ``selector``.</doc>
<status status="NOT RUN" start="2026-02-24T03:18:32.697240" elapsed="0.000000"/>
</kw>
<kw name="Evaluate" owner="BuiltIn">
<var>${has_number}</var>
<arg>__import__("re").search(r"[0-9][0-9\\.,]*", ${text}) is not None</arg>
<doc>Evaluates the given expression in Python and returns the result.</doc>
<status status="NOT RUN" start="2026-02-24T03:18:32.697240" elapsed="0.001002"/>
</kw>
<kw name="Should Be True" owner="BuiltIn">
<arg>${has_number}</arg>
<doc>Fails if the given condition is not true.</doc>
<status status="NOT RUN" start="2026-02-24T03:18:32.698242" elapsed="0.000503"/>
</kw>
<status status="PASS" start="2026-02-24T03:18:32.696737" elapsed="0.002008"/>
</kw>
<kw name="Open History Page" owner="market_page">
<kw name="Go To History Page" owner="browser_keywords">
<kw name="Go To" owner="Browser">
<arg>${BASE_URL}/history</arg>
<tag>BrowserControl</tag>
<tag>Setter</tag>
<doc>Navigates to the given ``url``.</doc>
<status status="NOT RUN" start="2026-02-24T03:18:32.701566" elapsed="0.000506"/>
</kw>
<status status="PASS" start="2026-02-24T03:18:32.700015" elapsed="0.002057"/>
</kw>
<status status="PASS" start="2026-02-24T03:18:32.699509" elapsed="0.002563"/>
</kw>
<kw name="Open Open Order Tab" owner="market_page">
<kw name="Click" owner="Browser">
<arg>${OPEN_ORDER_TAB}</arg>
<tag>PageContent</tag>
<tag>Setter</tag>
<doc>Simulates mouse click on the element found by ``selector``.</doc>
<status status="NOT RUN" start="2026-02-24T03:18:32.703601" elapsed="0.000504"/>
</kw>
<status status="PASS" start="2026-02-24T03:18:32.703095" elapsed="0.001010"/>
</kw>
<arg>${env}</arg>
<arg>${scenario}</arg>
<status status="PASS" start="2026-02-24T03:18:32.682683" elapsed="0.021422"/>
</kw>
<arg>'${tc_id}' == 'TC-04'</arg>
<arg>Execute USDTIDR TC04 Limit Sell Partial Execution</arg>
<arg>${env}</arg>
<arg>${scenario}</arg>
<doc>Runs the given keyword with the given arguments, if ``condition`` is true.</doc>
<status status="PASS" start="2026-02-24T03:18:32.682181" elapsed="0.021924"/>
</kw>
<kw name="Run Keyword If" owner="BuiltIn">
<kw name="Execute USDTIDR TC05 Stop Limit Sell Order" owner="market_page">
<kw name="Open USDTIDR Market Page" owner="market_page">
<kw name="Go To Market Page" owner="browser_keywords">
<kw name="Go To" owner="Browser">
<arg>${BASE_URL}${path}</arg>
<tag>BrowserControl</tag>
<tag>Setter</tag>
<doc>Navigates to the given ``url``.</doc>
<status status="NOT RUN" start="2026-02-24T03:18:32.706612" elapsed="0.000501"/>
</kw>
<arg>${USDTIDR_MARKET_PATH}</arg>
<status status="PASS" start="2026-02-24T03:18:32.706612" elapsed="0.000501"/>
</kw>
<status status="PASS" start="2026-02-24T03:18:32.706112" elapsed="0.001001"/>
</kw>
<kw name="Enter Pro Mode For USDTIDR" owner="market_page">
<kw name="Click" owner="Browser">
<arg>${TRY_PRO_MODE_LINK}</arg>
<tag>PageContent</tag>
<tag>Setter</tag>
<doc>Simulates mouse click on the element found by ``selector``.</doc>
<status status="NOT RUN" start="2026-02-24T03:18:32.708116" elapsed="0.000504"/>
</kw>
<status status="PASS" start="2026-02-24T03:18:32.707113" elapsed="0.001507"/>
</kw>
<kw name="Select Stop Limit Tab" owner="market_page">
<kw name="Click" owner="Browser">
<arg>${STOP_LIMIT_TAB}</arg>
<tag>PageContent</tag>
<tag>Setter</tag>
<doc>Simulates mouse click on the element found by ``selector``.</doc>
<status status="NOT RUN" start="2026-02-24T03:18:32.708620" elapsed="0.001002"/>
</kw>
<status status="PASS" start="2026-02-24T03:18:32.708620" elapsed="0.001505"/>
</kw>
<kw name="Get From Dictionary" owner="Collections">
<var>${stop_price}</var>
<arg>${scenario}</arg>
<arg>stop_price</arg>
<doc>Returns a value from the given ``dictionary`` based on the given ``key``.</doc>
<status status="NOT RUN" start="2026-02-24T03:18:32.710125" elapsed="0.000000"/>
</kw>
<kw name="Get From Dictionary" owner="Collections">
<var>${limit_price}</var>
<arg>${scenario}</arg>
<arg>limit_price</arg>
<doc>Returns a value from the given ``dictionary`` based on the given ``key``.</doc>
<status status="NOT RUN" start="2026-02-24T03:18:32.710125" elapsed="0.001002"/>
</kw>
<kw name="Set Stop Limit Trigger Price" owner="market_page">
<kw name="Fill Text" owner="Browser">
<arg>${STOP_TRIGGER_INPUT}</arg>
<arg>${price}</arg>
<tag>PageContent</tag>
<tag>Setter</tag>
<doc>Clears and fills the given ``txt`` into the text field found by ``selector``.</doc>
<status status="NOT RUN" start="2026-02-24T03:18:32.711630" elapsed="0.000000"/>
</kw>
<arg>${stop_price}</arg>
<status status="PASS" start="2026-02-24T03:18:32.711127" elapsed="0.001527"/>
</kw>
<kw name="Set Stop Limit Price" owner="market_page">
<kw name="Fill Text" owner="Browser">
<arg>${STOP_LIMIT_PRICE_INPUT}</arg>
<arg>${price}</arg>
<tag>PageContent</tag>
<tag>Setter</tag>
<doc>Clears and fills the given ``txt`` into the text field found by ``selector``.</doc>
<status status="NOT RUN" start="2026-02-24T03:18:32.714163" elapsed="0.001004"/>
</kw>
<arg>${limit_price}</arg>
<status status="PASS" start="2026-02-24T03:18:32.712654" elapsed="0.002513"/>
</kw>
<kw name="Submit Sell USDT Order" owner="market_page">
<kw name="Click" owner="Browser">
<arg>${BUTTON_SELL_USDT}</arg>
<tag>PageContent</tag>
<tag>Setter</tag>
<doc>Simulates mouse click on the element found by ``selector``.</doc>
<status status="NOT RUN" start="2026-02-24T03:18:32.716176" elapsed="0.002546"/>
</kw>
<status status="PASS" start="2026-02-24T03:18:32.715670" elapsed="0.003052"/>
</kw>
<kw name="Market Sections Should Be Visible" owner="market_page">
<kw name="Get Text" owner="Browser">
<arg>${MARKET_SELL_TITLE}</arg>
<tag>Assertion</tag>
<tag>Getter</tag>
<tag>PageContent</tag>
<doc>Returns text attribute of the element found by ``selector``.</doc>
<status status="NOT RUN" start="2026-02-24T03:18:32.720233" elapsed="0.000506"/>
</kw>
<kw name="Get Text" owner="Browser">
<arg>${MARKET_BUY_TITLE}</arg>
<tag>Assertion</tag>
<tag>Getter</tag>
<tag>PageContent</tag>
<doc>Returns text attribute of the element found by ``selector``.</doc>
<status status="NOT RUN" start="2026-02-24T03:18:32.720739" elapsed="0.001514"/>
</kw>
<status status="PASS" start="2026-02-24T03:18:32.719228" elapsed="0.003025"/>
</kw>
<kw name="Last Price Should Be Present" owner="market_page">
<kw name="Get Text" owner="Browser">
<var>${text}</var>
<arg>${LAST_PRICE_SECTION}</arg>
<tag>Assertion</tag>
<tag>Getter</tag>
<tag>PageContent</tag>
<doc>Returns text attribute of the element found by ``selector``.</doc>
<status status="NOT RUN" start="2026-02-24T03:18:32.723259" elapsed="0.000504"/>
</kw>
<kw name="Evaluate" owner="BuiltIn">
<var>${has_number}</var>
<arg>__import__("re").search(r"[0-9][0-9\\.,]*", ${text}) is not None</arg>
<doc>Evaluates the given expression in Python and returns the result.</doc>
<status status="NOT RUN" start="2026-02-24T03:18:32.723763" elapsed="0.001003"/>
</kw>
<kw name="Should Be True" owner="BuiltIn">
<arg>${has_number}</arg>
<doc>Fails if the given condition is not true.</doc>
<status status="NOT RUN" start="2026-02-24T03:18:32.724766" elapsed="0.000503"/>
</kw>
<status status="PASS" start="2026-02-24T03:18:32.722253" elapsed="0.003016"/>
</kw>
<arg>${env}</arg>
<arg>${scenario}</arg>
<status status="PASS" start="2026-02-24T03:18:32.705612" elapsed="0.019657"/>
</kw>
<arg>'${tc_id}' == 'TC-05'</arg>
<arg>Execute USDTIDR TC05 Stop Limit Sell Order</arg>
<arg>${env}</arg>
<arg>${scenario}</arg>
<doc>Runs the given keyword with the given arguments, if ``condition`` is true.</doc>
<status status="PASS" start="2026-02-24T03:18:32.704105" elapsed="0.021164"/>
</kw>
<kw name="Run Keyword If" owner="BuiltIn">
<kw name="Execute USDTIDR TC05 Stop Limit Sell Order" owner="market_page">
<kw name="Open USDTIDR Market Page" owner="market_page">
<kw name="Go To Market Page" owner="browser_keywords">
<kw name="Go To" owner="Browser">
<arg>${BASE_URL}${path}</arg>
<tag>BrowserControl</tag>
<tag>Setter</tag>
<doc>Navigates to the given ``url``.</doc>
<status status="NOT RUN" start="2026-02-24T03:18:32.727779" elapsed="0.001015"/>
</kw>
<arg>${USDTIDR_MARKET_PATH}</arg>
<status status="PASS" start="2026-02-24T03:18:32.727779" elapsed="0.001015"/>
</kw>
<status status="PASS" start="2026-02-24T03:18:32.726776" elapsed="0.002018"/>
</kw>
<kw name="Enter Pro Mode For USDTIDR" owner="market_page">
<kw name="Click" owner="Browser">
<arg>${TRY_PRO_MODE_LINK}</arg>
<tag>PageContent</tag>
<tag>Setter</tag>
<doc>Simulates mouse click on the element found by ``selector``.</doc>
<status status="NOT RUN" start="2026-02-24T03:18:32.729298" elapsed="0.001348"/>
</kw>
<status status="PASS" start="2026-02-24T03:18:32.729298" elapsed="0.001348"/>
</kw>
<kw name="Select Stop Limit Tab" owner="market_page">
<kw name="Click" owner="Browser">
<arg>${STOP_LIMIT_TAB}</arg>
<tag>PageContent</tag>
<tag>Setter</tag>
<doc>Simulates mouse click on the element found by ``selector``.</doc>
<status status="NOT RUN" start="2026-02-24T03:18:32.731146" elapsed="0.001003"/>
</kw>
<status status="PASS" start="2026-02-24T03:18:32.730646" elapsed="0.001503"/>
</kw>
<kw name="Get From Dictionary" owner="Collections">
<var>${stop_price}</var>
<arg>${scenario}</arg>
<arg>stop_price</arg>
<doc>Returns a value from the given ``dictionary`` based on the given ``key``.</doc>
<status status="NOT RUN" start="2026-02-24T03:18:32.732652" elapsed="0.000000"/>
</kw>
<kw name="Get From Dictionary" owner="Collections">
<var>${limit_price}</var>
<arg>${scenario}</arg>
<arg>limit_price</arg>
<doc>Returns a value from the given ``dictionary`` based on the given ``key``.</doc>
<status status="NOT RUN" start="2026-02-24T03:18:32.732652" elapsed="0.001004"/>
</kw>
<kw name="Set Stop Limit Trigger Price" owner="market_page">
<kw name="Fill Text" owner="Browser">
<arg>${STOP_TRIGGER_INPUT}</arg>
<arg>${price}</arg>
<tag>PageContent</tag>
<tag>Setter</tag>
<doc>Clears and fills the given ``txt`` into the text field found by ``selector``.</doc>
<status status="NOT RUN" start="2026-02-24T03:18:32.734685" elapsed="0.001006"/>
</kw>
<arg>${stop_price}</arg>
<status status="PASS" start="2026-02-24T03:18:32.733656" elapsed="0.002035"/>
</kw>
<kw name="Set Stop Limit Price" owner="market_page">
<kw name="Fill Text" owner="Browser">
<arg>${STOP_LIMIT_PRICE_INPUT}</arg>
<arg>${price}</arg>
<tag>PageContent</tag>
<tag>Setter</tag>
<doc>Clears and fills the given ``txt`` into the text field found by ``selector``.</doc>
<status status="NOT RUN" start="2026-02-24T03:18:32.735691" elapsed="0.001507"/>
</kw>
<arg>${limit_price}</arg>
<status status="PASS" start="2026-02-24T03:18:32.735691" elapsed="0.001507"/>
</kw>
<kw name="Submit Sell USDT Order" owner="market_page">
<kw name="Click" owner="Browser">
<arg>${BUTTON_SELL_USDT}</arg>
<tag>PageContent</tag>
<tag>Setter</tag>
<doc>Simulates mouse click on the element found by ``selector``.</doc>
<status status="NOT RUN" start="2026-02-24T03:18:32.738200" elapsed="0.000504"/>
</kw>
<status status="PASS" start="2026-02-24T03:18:32.737198" elapsed="0.001506"/>
</kw>
<kw name="Market Sections Should Be Visible" owner="market_page">
<kw name="Get Text" owner="Browser">
<arg>${MARKET_SELL_TITLE}</arg>
<tag>Assertion</tag>
<tag>Getter</tag>
<tag>PageContent</tag>
<doc>Returns text attribute of the element found by ``selector``.</doc>
<status status="NOT RUN" start="2026-02-24T03:18:32.739706" elapsed="0.000503"/>
</kw>
<kw name="Get Text" owner="Browser">
<arg>${MARKET_BUY_TITLE}</arg>
<tag>Assertion</tag>
<tag>Getter</tag>
<tag>PageContent</tag>
<doc>Returns text attribute of the element found by ``selector``.</doc>
<status status="NOT RUN" start="2026-02-24T03:18:32.740209" elapsed="0.000000"/>
</kw>
<status status="PASS" start="2026-02-24T03:18:32.738704" elapsed="0.001505"/>
</kw>
<kw name="Last Price Should Be Present" owner="market_page">
<kw name="Get Text" owner="Browser">
<var>${text}</var>
<arg>${LAST_PRICE_SECTION}</arg>
<tag>Assertion</tag>
<tag>Getter</tag>
<tag>PageContent</tag>
<doc>Returns text attribute of the element found by ``selector``.</doc>
<status status="NOT RUN" start="2026-02-24T03:18:32.741685" elapsed="0.000503"/>
</kw>
<kw name="Evaluate" owner="BuiltIn">
<var>${has_number}</var>
<arg>__import__("re").search(r"[0-9][0-9\\.,]*", ${text}) is not None</arg>
<doc>Evaluates the given expression in Python and returns the result.</doc>
<status status="NOT RUN" start="2026-02-24T03:18:32.742188" elapsed="0.000000"/>
</kw>
<kw name="Should Be True" owner="BuiltIn">
<arg>${has_number}</arg>
<doc>Fails if the given condition is not true.</doc>
<status status="NOT RUN" start="2026-02-24T03:18:32.742188" elapsed="0.001002"/>
</kw>
<status status="PASS" start="2026-02-24T03:18:32.740209" elapsed="0.002981"/>
</kw>
<arg>${env}</arg>
<arg>${scenario}</arg>
<status status="PASS" start="2026-02-24T03:18:32.726272" elapsed="0.017420"/>
</kw>
<arg>'${tc_id}' == 'TC-06'</arg>
<arg>Execute USDTIDR TC05 Stop Limit Sell Order</arg>
<arg>${env}</arg>
<arg>${scenario}</arg>
<doc>Runs the given keyword with the given arguments, if ``condition`` is true.</doc>
<status status="PASS" start="2026-02-24T03:18:32.725269" elapsed="0.018423"/>
</kw>
<kw name="Run Keyword If" owner="BuiltIn">
<kw name="Execute USDTIDR TC07 Below Minimum Transaction Limit" owner="market_page">
<kw name="Open USDTIDR Market Page" owner="market_page">
<kw name="Go To Market Page" owner="browser_keywords">
<kw name="Go To" owner="Browser">
<arg>${BASE_URL}${path}</arg>
<tag>BrowserControl</tag>
<tag>Setter</tag>
<doc>Navigates to the given ``url``.</doc>
<status status="NOT RUN" start="2026-02-24T03:18:32.746821" elapsed="0.000506"/>
</kw>
<arg>${USDTIDR_MARKET_PATH}</arg>
<status status="PASS" start="2026-02-24T03:18:32.746322" elapsed="0.001005"/>
</kw>
<status status="PASS" start="2026-02-24T03:18:32.744694" elapsed="0.002633"/>
</kw>
<kw name="Enter Pro Mode For USDTIDR" owner="market_page">
<kw name="Click" owner="Browser">
<arg>${TRY_PRO_MODE_LINK}</arg>
<tag>PageContent</tag>
<tag>Setter</tag>
<doc>Simulates mouse click on the element found by ``selector``.</doc>
<status status="NOT RUN" start="2026-02-24T03:18:32.748338" elapsed="0.000000"/>
</kw>
<status status="PASS" start="2026-02-24T03:18:32.747831" elapsed="0.001512"/>
</kw>
<kw name="Select Market Buy Tab" owner="market_page">
<kw name="Click" owner="Browser">
<arg>${BUY_TAB_MARKET}</arg>
<tag>PageContent</tag>
<tag>Setter</tag>
<doc>Simulates mouse click on the element found by ``selector``.</doc>
<status status="NOT RUN" start="2026-02-24T03:18:32.749848" elapsed="0.001004"/>
</kw>
<status status="PASS" start="2026-02-24T03:18:32.749343" elapsed="0.001509"/>
</kw>
<kw name="Get From Dictionary" owner="Collections">
<var>${amount}</var>
<arg>${scenario}</arg>
<arg>invalid_amount_idr</arg>
<doc>Returns a value from the given ``dictionary`` based on the given ``key``.</doc>
<status status="NOT RUN" start="2026-02-24T03:18:32.750852" elapsed="0.001531"/>
</kw>
<kw name="Set Sell Coin Amount" owner="market_page">
<kw name="Fill Text" owner="Browser">
<arg>${SELL_COIN_AMOUNT_INPUT}</arg>
<arg>${amount}</arg>
<tag>PageContent</tag>
<tag>Setter</tag>
<doc>Clears and fills the given ``txt`` into the text field found by ``selector``.</doc>
<status status="NOT RUN" start="2026-02-24T03:18:32.753887" elapsed="0.001510"/>
</kw>
<arg>${amount}</arg>
<status status="PASS" start="2026-02-24T03:18:32.752883" elapsed="0.002514"/>
</kw>
<kw name="Submit Buy USDT Order" owner="market_page">
<kw name="Click" owner="Browser">
<arg>${BUTTON_BUY_USDT}</arg>
<tag>PageContent</tag>
<tag>Setter</tag>
<doc>Simulates mouse click on the element found by ``selector``.</doc>
<status status="NOT RUN" start="2026-02-24T03:18:32.755902" elapsed="0.001005"/>
</kw>
<status status="PASS" start="2026-02-24T03:18:32.755902" elapsed="0.001005"/>
</kw>
<kw name="Minimum Transaction Warning Should Be Visible" owner="market_page">
<kw name="Get Text" owner="Browser">
<arg>${MIN_TX_WARNING}</arg>
<tag>Assertion</tag>
<tag>Getter</tag>
<tag>PageContent</tag>
<doc>Returns text attribute of the element found by ``selector``.</doc>
<status status="NOT RUN" start="2026-02-24T03:18:32.757413" elapsed="0.001510"/>
</kw>
<status status="PASS" start="2026-02-24T03:18:32.757413" elapsed="0.001510"/>
</kw>
<arg>${env}</arg>
<arg>${scenario}</arg>
<status status="PASS" start="2026-02-24T03:18:32.743692" elapsed="0.015231"/>
</kw>
<arg>'${tc_id}' == 'TC-07'</arg>
<arg>Execute USDTIDR TC07 Below Minimum Transaction Limit</arg>
<arg>${env}</arg>
<arg>${scenario}</arg>
<doc>Runs the given keyword with the given arguments, if ``condition`` is true.</doc>
<status status="PASS" start="2026-02-24T03:18:32.743692" elapsed="0.015231"/>
</kw>
<kw name="Run Keyword If" owner="BuiltIn">
<kw name="Execute USDTIDR TC08 Cancel Limit Buy To Release Frozen Funds" owner="market_page">
<kw name="Open USDTIDR Market Page" owner="market_page">
<kw name="Go To Market Page" owner="browser_keywords">
<kw name="Go To" owner="Browser">
<arg>${BASE_URL}${path}</arg>
<tag>BrowserControl</tag>
<tag>Setter</tag>
<doc>Navigates to the given ``url``.</doc>
<status status="NOT RUN" start="2026-02-24T03:18:32.762256" elapsed="0.000000"/>
</kw>
<arg>${USDTIDR_MARKET_PATH}</arg>
<status status="PASS" start="2026-02-24T03:18:32.761753" elapsed="0.000503"/>
</kw>
<status status="PASS" start="2026-02-24T03:18:32.760634" elapsed="0.001622"/>
</kw>
<kw name="Enter Pro Mode For USDTIDR" owner="market_page">
<kw name="Click" owner="Browser">
<arg>${TRY_PRO_MODE_LINK}</arg>
<tag>PageContent</tag>
<tag>Setter</tag>
<doc>Simulates mouse click on the element found by ``selector``.</doc>
<status status="NOT RUN" start="2026-02-24T03:18:32.763762" elapsed="0.000501"/>
</kw>
<status status="PASS" start="2026-02-24T03:18:32.763259" elapsed="0.001004"/>
</kw>
<kw name="Select Limit Buy Tab" owner="market_page">
<kw name="Click" owner="Browser">
<arg>${LIMIT_BUY_TAB}</arg>
<tag>PageContent</tag>
<tag>Setter</tag>
<doc>Simulates mouse click on the element found by ``selector``.</doc>
<status status="NOT RUN" start="2026-02-24T03:18:32.764765" elapsed="0.000503"/>
</kw>
<status status="PASS" start="2026-02-24T03:18:32.764263" elapsed="0.001005"/>
</kw>
<kw name="Get From Dictionary" owner="Collections">
<var>${price}</var>
<arg>${scenario}</arg>
<arg>limit_price</arg>
<doc>Returns a value from the given ``dictionary`` based on the given ``key``.</doc>
<status status="NOT RUN" start="2026-02-24T03:18:32.765268" elapsed="0.000000"/>
</kw>
<kw name="Set Limit Buy Price" owner="market_page">
<kw name="Fill Text" owner="Browser">
<arg>${BUY_PRICE_INPUT}</arg>
<arg>${price}</arg>
<tag>PageContent</tag>
<tag>Setter</tag>
[...]
</kw>
<kw name="Get From Dictionary" owner="Collections">
<var>${stop_price}</var>
<arg>${scenario}</arg>
<arg>stop_price</arg>
<doc>Returns a value from the given ``dictionary`` based on the given ``key``.</doc>
<status status="NOT RUN" start="2026-02-24T03:18:33.632092" elapsed="0.000000"/>
</kw>
<kw name="Get From Dictionary" owner="Collections">
<var>${limit_price}</var>
<arg>${scenario}</arg>
<arg>limit_price</arg>
<doc>Returns a value from the given ``dictionary`` based on the given ``key``.</doc>
<status status="NOT RUN" start="2026-02-24T03:18:33.632592" elapsed="0.000000"/>
</kw>
<kw name="Set Stop Limit Trigger Price" owner="market_page">
<kw name="Fill Text" owner="Browser">
<arg>${STOP_TRIGGER_INPUT}</arg>
<arg>${price}</arg>
<tag>PageContent</tag>
<tag>Setter</tag>
<doc>Clears and fills the given ``txt`` into the text field found by ``selector``.</doc>
<status status="NOT RUN" start="2026-02-24T03:18:33.633598" elapsed="0.000504"/>
</kw>
<arg>${stop_price}</arg>
<status status="PASS" start="2026-02-24T03:18:33.632592" elapsed="0.001510"/>
</kw>
<kw name="Set Stop Limit Price" owner="market_page">
<kw name="Fill Text" owner="Browser">
<arg>${STOP_LIMIT_PRICE_INPUT}</arg>
<arg>${price}</arg>
<tag>PageContent</tag>
<tag>Setter</tag>
<doc>Clears and fills the given ``txt`` into the text field found by ``selector``.</doc>
<status status="NOT RUN" start="2026-02-24T03:18:33.635105" elapsed="0.000880"/>
</kw>
<arg>${limit_price}</arg>
<status status="PASS" start="2026-02-24T03:18:33.634102" elapsed="0.002383"/>
</kw>
<kw name="Submit Sell USDT Order" owner="market_page">
<kw name="Click" owner="Browser">
<arg>${BUTTON_SELL_USDT}</arg>
<tag>PageContent</tag>
<tag>Setter</tag>
<doc>Simulates mouse click on the element found by ``selector``.</doc>
<status status="NOT RUN" start="2026-02-24T03:18:33.636986" elapsed="0.000499"/>
</kw>
<status status="PASS" start="2026-02-24T03:18:33.636485" elapsed="0.001000"/>
</kw>
<kw name="Market Sections Should Be Visible" owner="market_page">
<kw name="Get Text" owner="Browser">
<arg>${MARKET_SELL_TITLE}</arg>
<tag>Assertion</tag>
<tag>Getter</tag>
<tag>PageContent</tag>
<doc>Returns text attribute of the element found by ``selector``.</doc>
<status status="NOT RUN" start="2026-02-24T03:18:33.638486" elapsed="0.000000"/>
</kw>
<kw name="Get Text" owner="Browser">
<arg>${MARKET_BUY_TITLE}</arg>
<tag>Assertion</tag>
<tag>Getter</tag>
<tag>PageContent</tag>
<doc>Returns text attribute of the element found by ``selector``.</doc>
<status status="NOT RUN" start="2026-02-24T03:18:33.638486" elapsed="0.001002"/>
</kw>
<status status="PASS" start="2026-02-24T03:18:33.637984" elapsed="0.001504"/>
</kw>
<kw name="Last Price Should Be Present" owner="market_page">
<kw name="Get Text" owner="Browser">
<var>${text}</var>
<arg>${LAST_PRICE_SECTION}</arg>
<tag>Assertion</tag>
<tag>Getter</tag>
<tag>PageContent</tag>
<doc>Returns text attribute of the element found by ``selector``.</doc>
<status status="NOT RUN" start="2026-02-24T03:18:33.640503" elapsed="0.000502"/>
</kw>
<kw name="Evaluate" owner="BuiltIn">
<var>${has_number}</var>
<arg>__import__("re").search(r"[0-9][0-9\\.,]*", ${text}) is not None</arg>
<doc>Evaluates the given expression in Python and returns the result.</doc>
<status status="NOT RUN" start="2026-02-24T03:18:33.641508" elapsed="0.000000"/>
</kw>
<kw name="Should Be True" owner="BuiltIn">
<arg>${has_number}</arg>
<doc>Fails if the given condition is not true.</doc>
<status status="NOT RUN" start="2026-02-24T03:18:33.641508" elapsed="0.001002"/>
</kw>
<status status="PASS" start="2026-02-24T03:18:33.639488" elapsed="0.003022"/>
</kw>
<arg>${env}</arg>
<arg>${scenario}</arg>
<status status="PASS" start="2026-02-24T03:18:33.626626" elapsed="0.015884"/>
</kw>
<arg>'${tc_id}' == 'TC-05'</arg>
<arg>Execute USDTIDR TC05 Stop Limit Sell Order</arg>
<arg>${env}</arg>
<arg>${scenario}</arg>
<doc>Runs the given keyword with the given arguments, if ``condition`` is true.</doc>
<status status="PASS" start="2026-02-24T03:18:33.626120" elapsed="0.016390"/>
</kw>
<kw name="Run Keyword If" owner="BuiltIn">
<kw name="Execute USDTIDR TC05 Stop Limit Sell Order" owner="market_page">
<kw name="Open USDTIDR Market Page" owner="market_page">
<kw name="Go To Market Page" owner="browser_keywords">
<kw name="Go To" owner="Browser">
<arg>${BASE_URL}${path}</arg>
<tag>BrowserControl</tag>
<tag>Setter</tag>
<doc>Navigates to the given ``url``.</doc>
<status status="NOT RUN" start="2026-02-24T03:18:33.644518" elapsed="0.001508"/>
</kw>
<arg>${USDTIDR_MARKET_PATH}</arg>
<status status="PASS" start="2026-02-24T03:18:33.644518" elapsed="0.001508"/>
</kw>
<status status="PASS" start="2026-02-24T03:18:33.644015" elapsed="0.002011"/>
</kw>
<kw name="Enter Pro Mode For USDTIDR" owner="market_page">
<kw name="Click" owner="Browser">
<arg>${TRY_PRO_MODE_LINK}</arg>
<tag>PageContent</tag>
<tag>Setter</tag>
<doc>Simulates mouse click on the element found by ``selector``.</doc>
<status status="NOT RUN" start="2026-02-24T03:18:33.647030" elapsed="0.000505"/>
</kw>
<status status="PASS" start="2026-02-24T03:18:33.646526" elapsed="0.001009"/>
</kw>
<kw name="Select Stop Limit Tab" owner="market_page">
<kw name="Click" owner="Browser">
<arg>${STOP_LIMIT_TAB}</arg>
<tag>PageContent</tag>
<tag>Setter</tag>
<doc>Simulates mouse click on the element found by ``selector``.</doc>
<status status="NOT RUN" start="2026-02-24T03:18:33.647535" elapsed="0.001631"/>
</kw>
<status status="PASS" start="2026-02-24T03:18:33.647535" elapsed="0.001631"/>
</kw>
<kw name="Get From Dictionary" owner="Collections">
<var>${stop_price}</var>
<arg>${scenario}</arg>
<arg>stop_price</arg>
<doc>Returns a value from the given ``dictionary`` based on the given ``key``.</doc>
<status status="NOT RUN" start="2026-02-24T03:18:33.649166" elapsed="0.000000"/>
</kw>
<kw name="Get From Dictionary" owner="Collections">
<var>${limit_price}</var>
<arg>${scenario}</arg>
<arg>limit_price</arg>
<doc>Returns a value from the given ``dictionary`` based on the given ``key``.</doc>
<status status="NOT RUN" start="2026-02-24T03:18:33.649166" elapsed="0.001008"/>
</kw>
<kw name="Set Stop Limit Trigger Price" owner="market_page">
<kw name="Fill Text" owner="Browser">
<arg>${STOP_TRIGGER_INPUT}</arg>
<arg>${price}</arg>
<tag>PageContent</tag>
<tag>Setter</tag>
<doc>Clears and fills the given ``txt`` into the text field found by ``selector``.</doc>
<status status="NOT RUN" start="2026-02-24T03:18:33.651180" elapsed="0.000498"/>
</kw>
<arg>${stop_price}</arg>
<status status="PASS" start="2026-02-24T03:18:33.650714" elapsed="0.000964"/>
</kw>
<kw name="Set Stop Limit Price" owner="market_page">
<kw name="Fill Text" owner="Browser">
<arg>${STOP_LIMIT_PRICE_INPUT}</arg>
<arg>${price}</arg>
<tag>PageContent</tag>
<tag>Setter</tag>
<doc>Clears and fills the given ``txt`` into the text field found by ``selector``.</doc>
<status status="NOT RUN" start="2026-02-24T03:18:33.652178" elapsed="0.001003"/>
</kw>
<arg>${limit_price}</arg>
<status status="PASS" start="2026-02-24T03:18:33.652178" elapsed="0.001003"/>
</kw>
<kw name="Submit Sell USDT Order" owner="market_page">
<kw name="Click" owner="Browser">
<arg>${BUTTON_SELL_USDT}</arg>
<tag>PageContent</tag>
<tag>Setter</tag>
<doc>Simulates mouse click on the element found by ``selector``.</doc>
<status status="NOT RUN" start="2026-02-24T03:18:33.653684" elapsed="0.001003"/>
</kw>
<status status="PASS" start="2026-02-24T03:18:33.653684" elapsed="0.001003"/>
</kw>
<kw name="Market Sections Should Be Visible" owner="market_page">
<kw name="Get Text" owner="Browser">
<arg>${MARKET_SELL_TITLE}</arg>
<tag>Assertion</tag>
<tag>Getter</tag>
<tag>PageContent</tag>
<doc>Returns text attribute of the element found by ``selector``.</doc>
<status status="NOT RUN" start="2026-02-24T03:18:33.655190" elapsed="0.000000"/>
</kw>
<kw name="Get Text" owner="Browser">
<arg>${MARKET_BUY_TITLE}</arg>
<tag>Assertion</tag>
<tag>Getter</tag>
<tag>PageContent</tag>
<doc>Returns text attribute of the element found by ``selector``.</doc>
<status status="NOT RUN" start="2026-02-24T03:18:33.656192" elapsed="0.000503"/>
</kw>
<status status="PASS" start="2026-02-24T03:18:33.655190" elapsed="0.001505"/>
</kw>
<kw name="Last Price Should Be Present" owner="market_page">
<kw name="Get Text" owner="Browser">
<var>${text}</var>
<arg>${LAST_PRICE_SECTION}</arg>
<tag>Assertion</tag>
<tag>Getter</tag>
<tag>PageContent</tag>
<doc>Returns text attribute of the element found by ``selector``.</doc>
<status status="NOT RUN" start="2026-02-24T03:18:33.656695" elapsed="0.001004"/>
</kw>
<kw name="Evaluate" owner="BuiltIn">
<var>${has_number}</var>
<arg>__import__("re").search(r"[0-9][0-9\\.,]*", ${text}) is not None</arg>
<doc>Evaluates the given expression in Python and returns the result.</doc>
<status status="NOT RUN" start="2026-02-24T03:18:33.657699" elapsed="0.000504"/>
</kw>
<kw name="Should Be True" owner="BuiltIn">
<arg>${has_number}</arg>
<doc>Fails if the given condition is not true.</doc>
<status status="NOT RUN" start="2026-02-24T03:18:33.658203" elapsed="0.001236"/>
</kw>
<status status="PASS" start="2026-02-24T03:18:33.656695" elapsed="0.002744"/>
</kw>
<arg>${env}</arg>
<arg>${scenario}</arg>
<status status="PASS" start="2026-02-24T03:18:33.643013" elapsed="0.016426"/>
</kw>
<arg>'${tc_id}' == 'TC-06'</arg>
<arg>Execute USDTIDR TC05 Stop Limit Sell Order</arg>
<arg>${env}</arg>
<arg>${scenario}</arg>
<doc>Runs the given keyword with the given arguments, if ``condition`` is true.</doc>
<status status="PASS" start="2026-02-24T03:18:33.642510" elapsed="0.016929"/>
</kw>
<kw name="Run Keyword If" owner="BuiltIn">
<kw name="Execute USDTIDR TC07 Below Minimum Transaction Limit" owner="market_page">
<kw name="Open USDTIDR Market Page" owner="market_page">
<kw name="Go To Market Page" owner="browser_keywords">
<kw name="Go To" owner="Browser">
<arg>${BASE_URL}${path}</arg>
<tag>BrowserControl</tag>
<tag>Setter</tag>
<doc>Navigates to the given ``url``.</doc>
<status status="NOT RUN" start="2026-02-24T03:18:33.662452" elapsed="0.000504"/>
</kw>
<arg>${USDTIDR_MARKET_PATH}</arg>
<status status="PASS" start="2026-02-24T03:18:33.661449" elapsed="0.001507"/>
</kw>
<status status="PASS" start="2026-02-24T03:18:33.661449" elapsed="0.001507"/>
</kw>
<kw name="Enter Pro Mode For USDTIDR" owner="market_page">
<kw name="Click" owner="Browser">
<arg>${TRY_PRO_MODE_LINK}</arg>
<tag>PageContent</tag>
<tag>Setter</tag>
<doc>Simulates mouse click on the element found by ``selector``.</doc>
<status status="NOT RUN" start="2026-02-24T03:18:33.663959" elapsed="0.000503"/>
</kw>
<status status="PASS" start="2026-02-24T03:18:33.662956" elapsed="0.001506"/>
</kw>
<kw name="Select Market Buy Tab" owner="market_page">
<kw name="Click" owner="Browser">
<arg>${BUY_TAB_MARKET}</arg>
<tag>PageContent</tag>
<tag>Setter</tag>
<doc>Simulates mouse click on the element found by ``selector``.</doc>
<status status="NOT RUN" start="2026-02-24T03:18:33.664462" elapsed="0.001002"/>
</kw>
<status status="PASS" start="2026-02-24T03:18:33.664462" elapsed="0.001002"/>
</kw>
<kw name="Get From Dictionary" owner="Collections">
<var>${amount}</var>
<arg>${scenario}</arg>
<arg>invalid_amount_idr</arg>
<doc>Returns a value from the given ``dictionary`` based on the given ``key``.</doc>
<status status="NOT RUN" start="2026-02-24T03:18:33.665966" elapsed="0.000000"/>
</kw>
<kw name="Set Sell Coin Amount" owner="market_page">
<kw name="Fill Text" owner="Browser">
<arg>${SELL_COIN_AMOUNT_INPUT}</arg>
<arg>${amount}</arg>
<tag>PageContent</tag>
<tag>Setter</tag>
<doc>Clears and fills the given ``txt`` into the text field found by ``selector``.</doc>
<status status="NOT RUN" start="2026-02-24T03:18:33.666971" elapsed="0.000000"/>
</kw>
<arg>${amount}</arg>
<status status="PASS" start="2026-02-24T03:18:33.665966" elapsed="0.002140"/>
</kw>
<kw name="Submit Buy USDT Order" owner="market_page">
<kw name="Click" owner="Browser">
<arg>${BUTTON_BUY_USDT}</arg>
<tag>PageContent</tag>
<tag>Setter</tag>
<doc>Simulates mouse click on the element found by ``selector``.</doc>
<status status="NOT RUN" start="2026-02-24T03:18:33.668106" elapsed="0.001533"/>
</kw>
<status status="PASS" start="2026-02-24T03:18:33.668106" elapsed="0.001533"/>
</kw>
<kw name="Minimum Transaction Warning Should Be Visible" owner="market_page">
<kw name="Get Text" owner="Browser">
<arg>${MIN_TX_WARNING}</arg>
<tag>Assertion</tag>
<tag>Getter</tag>
<tag>PageContent</tag>
<doc>Returns text attribute of the element found by ``selector``.</doc>
<status status="NOT RUN" start="2026-02-24T03:18:33.671143" elapsed="0.000505"/>
</kw>
<status status="PASS" start="2026-02-24T03:18:33.670138" elapsed="0.001510"/>
</kw>
<arg>${env}</arg>
<arg>${scenario}</arg>
<status status="PASS" start="2026-02-24T03:18:33.660443" elapsed="0.011205"/>
</kw>
<arg>'${tc_id}' == 'TC-07'</arg>
<arg>Execute USDTIDR TC07 Below Minimum Transaction Limit</arg>
<arg>${env}</arg>
<arg>${scenario}</arg>
<doc>Runs the given keyword with the given arguments, if ``condition`` is true.</doc>
<status status="PASS" start="2026-02-24T03:18:33.659942" elapsed="0.011706"/>
</kw>
<kw name="Run Keyword If" owner="BuiltIn">
<kw name="Execute USDTIDR TC08 Cancel Limit Buy To Release Frozen Funds" owner="market_page">
<kw name="Open USDTIDR Market Page" owner="market_page">
<kw name="Go To Market Page" owner="browser_keywords">
<kw name="Go To" owner="Browser">
<arg>${BASE_URL}${path}</arg>
<tag>BrowserControl</tag>
<tag>Setter</tag>
<doc>Navigates to the given ``url``.</doc>
<status status="NOT RUN" start="2026-02-24T03:18:33.674670" elapsed="0.000000"/>
</kw>
<arg>${USDTIDR_MARKET_PATH}</arg>
<status status="PASS" start="2026-02-24T03:18:33.674170" elapsed="0.001503"/>
</kw>
<status status="PASS" start="2026-02-24T03:18:33.673667" elapsed="0.002006"/>
</kw>
<kw name="Enter Pro Mode For USDTIDR" owner="market_page">
<kw name="Click" owner="Browser">
<arg>${TRY_PRO_MODE_LINK}</arg>
<tag>PageContent</tag>
<tag>Setter</tag>
<doc>Simulates mouse click on the element found by ``selector``.</doc>
<status status="NOT RUN" start="2026-02-24T03:18:33.676176" elapsed="0.000000"/>
</kw>
<status status="PASS" start="2026-02-24T03:18:33.675673" elapsed="0.000503"/>
</kw>
<kw name="Select Limit Buy Tab" owner="market_page">
<kw name="Click" owner="Browser">
<arg>${LIMIT_BUY_TAB}</arg>
<tag>PageContent</tag>
<tag>Setter</tag>
<doc>Simulates mouse click on the element found by ``selector``.</doc>
<status status="NOT RUN" start="2026-02-24T03:18:33.677683" elapsed="0.000503"/>
</kw>
<status status="PASS" start="2026-02-24T03:18:33.677179" elapsed="0.001007"/>
</kw>
<kw name="Get From Dictionary" owner="Collections">
<var>${price}</var>
<arg>${scenario}</arg>
<arg>limit_price</arg>
<doc>Returns a value from the given ``dictionary`` based on the given ``key``.</doc>
<status status="NOT RUN" start="2026-02-24T03:18:33.678186" elapsed="0.000504"/>
</kw>
<kw name="Set Limit Buy Price" owner="market_page">
<kw name="Fill Text" owner="Browser">
<arg>${BUY_PRICE_INPUT}</arg>
<arg>${price}</arg>
<tag>PageContent</tag>
<tag>Setter</tag>
<doc>Clears and fills the given ``txt`` into the text field found by ``selector``.</doc>
<status status="NOT RUN" start="2026-02-24T03:18:33.679190" elapsed="0.001002"/>
</kw>
<arg>${price}</arg>
<status status="PASS" start="2026-02-24T03:18:33.679190" elapsed="0.001002"/>
</kw>
<kw name="Set Limit Buy Slider To Half" owner="market_page">
<kw name="Click" owner="Browser">
<arg>${BUY_LIMIT_SLIDER}</arg>
<tag>PageContent</tag>
<tag>Setter</tag>
<doc>Simulates mouse click on the element found by ``selector``.</doc>
<status status="NOT RUN" start="2026-02-24T03:18:33.680695" elapsed="0.000501"/>
</kw>
<status status="PASS" start="2026-02-24T03:18:33.680192" elapsed="0.001004"/>
</kw>
<kw name="Submit Buy USDT Order" owner="market_page">
<kw name="Click" owner="Browser">
<arg>${BUTTON_BUY_USDT}</arg>
<tag>PageContent</tag>
<tag>Setter</tag>
<doc>Simulates mouse click on the element found by ``selector``.</doc>
<status status="NOT RUN" start="2026-02-24T03:18:33.682201" elapsed="0.000000"/>
</kw>
<status status="PASS" start="2026-02-24T03:18:33.681699" elapsed="0.000502"/>
</kw>
<kw name="Open History Page" owner="market_page">
<kw name="Go To History Page" owner="browser_keywords">
<kw name="Go To" owner="Browser">
<arg>${BASE_URL}/history</arg>
<tag>BrowserControl</tag>
<tag>Setter</tag>
<doc>Navigates to the given ``url``.</doc>
<status status="NOT RUN" start="2026-02-24T03:18:33.683708" elapsed="0.000000"/>
</kw>
<status status="PASS" start="2026-02-24T03:18:33.683204" elapsed="0.000504"/>
</kw>
<status status="PASS" start="2026-02-24T03:18:33.682201" elapsed="0.001507"/>
</kw>
<kw name="Open Open Order Tab" owner="market_page">
<kw name="Click" owner="Browser">
<arg>${OPEN_ORDER_TAB}</arg>
<tag>PageContent</tag>
<tag>Setter</tag>
<doc>Simulates mouse click on the element found by ``selector``.</doc>
<status status="NOT RUN" start="2026-02-24T03:18:33.684711" elapsed="0.000504"/>
</kw>
<status status="PASS" start="2026-02-24T03:18:33.683708" elapsed="0.001507"/>
</kw>
<kw name="Cancel First Open Order" owner="market_page">
<kw name="Click" owner="Browser">
<arg>text=Cancel</arg>
<tag>PageContent</tag>
<tag>Setter</tag>
<doc>Simulates mouse click on the element found by ``selector``.</doc>
<status status="NOT RUN" start="2026-02-24T03:18:33.685215" elapsed="0.001003"/>
</kw>
<status status="PASS" start="2026-02-24T03:18:33.685215" elapsed="0.001003"/>
</kw>
<arg>${env}</arg>
<arg>${scenario}</arg>
<status status="PASS" start="2026-02-24T03:18:33.672651" elapsed="0.013567"/>
</kw>
<arg>'${tc_id}' == 'TC-08'</arg>
<arg>Execute USDTIDR TC08 Cancel Limit Buy To Release Frozen Funds</arg>
<arg>${env}</arg>
<arg>${scenario}</arg>
<doc>Runs the given keyword with the given arguments, if ``condition`` is true.</doc>
<status status="PASS" start="2026-02-24T03:18:33.671648" elapsed="0.014570"/>
</kw>
<arg>TC-08</arg>
<arg>${ENV}</arg>
<status status="PASS" start="2026-02-24T03:18:33.547624" elapsed="0.139097"/>
</kw>
<tag>flow</tag>
<tag>mobile</tag>
<tag>order_management</tag>
<tag>P1</tag>
<tag>pro</tag>
<tag>TC-08</tag>
<tag>trade</tag>
<status status="PASS" start="2026-02-24T03:18:33.544612" elapsed="0.142109"/>
</test>
<kw name="Close Browser For Web Tests" owner="browser_keywords" type="TEARDOWN">
<kw name="Close Browser" owner="Browser">
<tag>BrowserControl</tag>
<tag>Setter</tag>
<doc>Closes the current browser.</doc>
<status status="NOT RUN" start="2026-02-24T03:18:33.691247" elapsed="0.001005"/>
</kw>
<status status="PASS" start="2026-02-24T03:18:33.691247" elapsed="0.001005"/>
</kw>
<status status="PASS" start="2026-02-24T03:18:29.430176" elapsed="4.262076"/>
</suite>
<statistics>
<total>
<stat pass="8" fail="0" skip="0">All Tests</stat>
</total>
<tag>
<stat pass="8" fail="0" skip="0">flow</stat>
<stat pass="2" fail="0" skip="0">limit</stat>
<stat pass="2" fail="0" skip="0">market</stat>
<stat pass="8" fail="0" skip="0">mobile</stat>
<stat pass="1" fail="0" skip="0">negative</stat>
<stat pass="1" fail="0" skip="0">order_management</stat>
<stat pass="2" fail="0" skip="0">P0</stat>
<stat pass="5" fail="0" skip="0">P1</stat>
<stat pass="1" fail="0" skip="0">P2</stat>
<stat pass="8" fail="0" skip="0">pro</stat>
<stat pass="2" fail="0" skip="0">stop_limit</stat>
<stat pass="1" fail="0" skip="0">TC-01</stat>
<stat pass="1" fail="0" skip="0">TC-02</stat>
<stat pass="1" fail="0" skip="0">TC-03</stat>
<stat pass="1" fail="0" skip="0">TC-04</stat>
<stat pass="1" fail="0" skip="0">TC-05</stat>
<stat pass="1" fail="0" skip="0">TC-06</stat>
<stat pass="1" fail="0" skip="0">TC-07</stat>
<stat pass="1" fail="0" skip="0">TC-08</stat>
<stat pass="8" fail="0" skip="0">trade</stat>
<stat pass="1" fail="0" skip="0">validation</stat>
</tag>
<suite>
<stat name="Checkout Mobile" id="s1" pass="8" fail="0" skip="0">Checkout Mobile</stat>
</suite>
</statistics>
<errors>
</errors>
</robot>
